2020/06/09 09:24:55 [error] [exception.CHttpException.404] CHttpException: The system is unable to find the requested action "ResetAgent". in /home/u326963172/domains/i-mandor.com/public_html/yii/1.1.20/framework/web/CController.php:486
Stack trace:
#0 /home/u326963172/domains/i-mandor.com/public_html/yii/1.1.20/framework/web/CController.php(270): CController->missingAction('ResetAgent')
#1 /home/u326963172/domains/i-mandor.com/public_html/yii/1.1.20/framework/web/CWebApplication.php(282): CController->run('ResetAgent')
#2 /home/u326963172/domains/i-mandor.com/public_html/yii/1.1.20/framework/web/CWebApplication.php(141): CWebApplication->runController('Admin/ResetAgen...')
#3 /home/u326963172/domains/i-mandor.com/public_html/yii/1.1.20/framework/base/CApplication.php(185): CWebApplication->processRequest()
#4 /home/u326963172/domains/i-mandor.com/public_html/demo/index.php(18): CApplication->run()
#5 {main}
REQUEST_URI=/index.php?r=Admin/ResetAgent&id=5
HTTP_REFERER=https://demo.i-mandor.com/index.php?r=Admin/Worker
---
2020/07/24 15:10:05 [error] [exception.CHttpException.404] CHttpException: The system is unable to find the requested action "AjaxCovid19Upload". in /home/u326963172/domains/i-mandor.com/public_html/yii/1.1.20/framework/web/CController.php:486
Stack trace:
#0 /home/u326963172/domains/i-mandor.com/public_html/yii/1.1.20/framework/web/CController.php(270): CController->missingAction('AjaxCovid19Uplo...')
#1 /home/u326963172/domains/i-mandor.com/public_html/yii/1.1.20/framework/web/CWebApplication.php(282): CController->run('AjaxCovid19Uplo...')
#2 /home/u326963172/domains/i-mandor.com/public_html/yii/1.1.20/framework/web/CWebApplication.php(141): CWebApplication->runController('Ajax/AjaxCovid1...')
#3 /home/u326963172/domains/i-mandor.com/public_html/yii/1.1.20/framework/base/CApplication.php(185): CWebApplication->processRequest()
#4 /home/u326963172/domains/i-mandor.com/public_html/demo/index.php(18): CApplication->run()
#5 {main}
REQUEST_URI=/index.php?r=Ajax/AjaxCovid19Upload
HTTP_REFERER=https://demo.i-mandor.com/index.php?r=Sourceagent/Flight
---
2020/07/24 15:10:25 [error] [exception.CHttpException.404] CHttpException: The system is unable to find the requested action "AjaxCovid19Upload". in /home/u326963172/domains/i-mandor.com/public_html/yii/1.1.20/framework/web/CController.php:486
Stack trace:
#0 /home/u326963172/domains/i-mandor.com/public_html/yii/1.1.20/framework/web/CController.php(270): CController->missingAction('AjaxCovid19Uplo...')
#1 /home/u326963172/domains/i-mandor.com/public_html/yii/1.1.20/framework/web/CWebApplication.php(282): CController->run('AjaxCovid19Uplo...')
#2 /home/u326963172/domains/i-mandor.com/public_html/yii/1.1.20/framework/web/CWebApplication.php(141): CWebApplication->runController('Ajax/AjaxCovid1...')
#3 /home/u326963172/domains/i-mandor.com/public_html/yii/1.1.20/framework/base/CApplication.php(185): CWebApplication->processRequest()
#4 /home/u326963172/domains/i-mandor.com/public_html/demo/index.php(18): CApplication->run()
#5 {main}
REQUEST_URI=/index.php?r=Ajax/AjaxCovid19Upload
HTTP_REFERER=https://demo.i-mandor.com/index.php?r=Sourceagent/Flight
---
2020/07/24 15:13:27 [error] [exception.Error] Error: Call to undefined method Helpers::checkCovid19Document() in /home/u326963172/domains/i-mandor.com/public_html/demo/protected/views/admin/linkworker.php:177
Stack trace:
#0 /home/u326963172/domains/i-mandor.com/public_html/yii/1.1.20/framework/web/CBaseController.php(126): require()
#1 /home/u326963172/domains/i-mandor.com/public_html/yii/1.1.20/framework/web/CBaseController.php(95): CBaseController->renderInternal('/home/u32696317...', Array, true)
#2 /home/u326963172/domains/i-mandor.com/public_html/yii/1.1.20/framework/web/CController.php(872): CBaseController->renderFile('/home/u32696317...', Array, true)
#3 /home/u326963172/domains/i-mandor.com/public_html/yii/1.1.20/framework/web/CController.php(785): CController->renderPartial('linkworker', Array, true)
#4 /home/u326963172/domains/i-mandor.com/public_html/demo/protected/controllers/AdminController.php(455): CController->render('linkworker', Array)
#5 [internal function]: AdminController->actionLinkWorker('3')
#6 /home/u326963172/domains/i-mandor.com/public_html/yii/1.1.20/framework/web/actions/CAction.php(109): ReflectionMethod->invokeArgs(Object(AdminController), Array)
#7 /home/u326963172/domains/i-mandor.com/public_html/yii/1.1.20/framework/web/actions/CInlineAction.php(47): CAction->runWithParamsInternal(Object(AdminController), Object(ReflectionMethod), Array)
#8 /home/u326963172/domains/i-mandor.com/public_html/yii/1.1.20/framework/web/CController.php(308): CInlineAction->runWithParams(Array)
#9 /home/u326963172/domains/i-mandor.com/public_html/yii/1.1.20/framework/web/filters/CFilterChain.php(134): CController->runAction(Object(CInlineAction))
#10 /home/u326963172/domains/i-mandor.com/public_html/yii/1.1.20/framework/web/filters/CFilter.php(40): CFilterChain->run()
#11 /home/u326963172/domains/i-mandor.com/public_html/yii/1.1.20/framework/web/CController.php(1148): CFilter->filter(Object(CFilterChain))
#12 /home/u326963172/domains/i-mandor.com/public_html/yii/1.1.20/framework/web/filters/CInlineFilter.php(58): CController->filterAccessControl(Object(CFilterChain))
#13 /home/u326963172/domains/i-mandor.com/public_html/yii/1.1.20/framework/web/filters/CFilterChain.php(131): CInlineFilter->filter(Object(CFilterChain))
#14 /home/u326963172/domains/i-mandor.com/public_html/yii/1.1.20/framework/web/CController.php(291): CFilterChain->run()
#15 /home/u326963172/domains/i-mandor.com/public_html/yii/1.1.20/framework/web/CController.php(265): CController->runActionWithFilters(Object(CInlineAction), Array)
#16 /home/u326963172/domains/i-mandor.com/public_html/yii/1.1.20/framework/web/CWebApplication.php(282): CController->run('LinkWorker')
#17 /home/u326963172/domains/i-mandor.com/public_html/yii/1.1.20/framework/web/CWebApplication.php(141): CWebApplication->runController('Admin/LinkWorke...')
#18 /home/u326963172/domains/i-mandor.com/public_html/yii/1.1.20/framework/base/CApplication.php(185): CWebApplication->processRequest()
#19 /home/u326963172/domains/i-mandor.com/public_html/demo/index.php(18): CApplication->run()
#20 {main}
REQUEST_URI=/index.php?r=Admin/LinkWorker&id=3
HTTP_REFERER=https://demo.i-mandor.com/index.php?r=Admin/Worker
---
2020/08/07 13:08:57 [error] [exception.CDbException] CDbException: CDbConnection failed to open the DB connection: SQLSTATE[HY000] [1045] Access denied for user 'u326963172_demo'@'localhost' (using password: YES) in C:\Bitnami\wampstack-7.3.9-0\apache2\htdocs\yii-version\1.1.20\framework\db\CDbConnection.php:399
Stack trace:
#0 C:\Bitnami\wampstack-7.3.9-0\apache2\htdocs\yii-version\1.1.20\framework\db\CDbConnection.php(347): CDbConnection->open()
#1 C:\Bitnami\wampstack-7.3.9-0\apache2\htdocs\yii-version\1.1.20\framework\db\CDbConnection.php(325): CDbConnection->setActive(true)
#2 C:\Bitnami\wampstack-7.3.9-0\apache2\htdocs\yii-version\1.1.20\framework\base\CModule.php(394): CDbConnection->init()
#3 C:\Bitnami\wampstack-7.3.9-0\apache2\htdocs\yii-version\1.1.20\framework\base\CApplication.php(459): CModule->getComponent('db')
#4 C:\Bitnami\wampstack-7.3.9-0\apache2\htdocs\yii-version\1.1.20\framework\db\ar\CActiveRecord.php(639): CApplication->getDb()
#5 C:\Bitnami\wampstack-7.3.9-0\apache2\htdocs\yii-version\1.1.20\framework\db\ar\CActiveRecord.php(672): CActiveRecord->getDbConnection()
#6 C:\Bitnami\wampstack-7.3.9-0\apache2\htdocs\yii-version\1.1.20\framework\db\ar\CActiveRecord.php(1477): CActiveRecord->getCommandBuilder()
#7 C:\Bitnami\wampstack-7.3.9-0\apache2\htdocs\ebfbms\protected\controllers\SiteController.php(12): CActiveRecord->findAll()
#8 C:\Bitnami\wampstack-7.3.9-0\apache2\htdocs\yii-version\1.1.20\framework\web\actions\CInlineAction.php(49): SiteController->actionIndex()
#9 C:\Bitnami\wampstack-7.3.9-0\apache2\htdocs\yii-version\1.1.20\framework\web\CController.php(308): CInlineAction->runWithParams(Array)
#10 C:\Bitnami\wampstack-7.3.9-0\apache2\htdocs\yii-version\1.1.20\framework\web\CController.php(286): CController->runAction(Object(CInlineAction))
#11 C:\Bitnami\wampstack-7.3.9-0\apache2\htdocs\yii-version\1.1.20\framework\web\CController.php(265): CController->runActionWithFilters(Object(CInlineAction), Array)
#12 C:\Bitnami\wampstack-7.3.9-0\apache2\htdocs\yii-version\1.1.20\framework\web\CWebApplication.php(282): CController->run('')
#13 C:\Bitnami\wampstack-7.3.9-0\apache2\htdocs\yii-version\1.1.20\framework\web\CWebApplication.php(141): CWebApplication->runController('')
#14 C:\Bitnami\wampstack-7.3.9-0\apache2\htdocs\yii-version\1.1.20\framework\base\CApplication.php(185): CWebApplication->processRequest()
#15 C:\Bitnami\wampstack-7.3.9-0\apache2\htdocs\ebfbms\index.php(19): CApplication->run()
#16 {main}
REQUEST_URI=/ebfbms/
---
2020/12/30 12:51:55 [error] [exception.CHttpException.404] CHttpException: The system is unable to find the requested action "Employer". in C:\Bitnami\wampstack-7.3.9-0\apache2\htdocs\yii-version\1.1.20\framework\web\CController.php:486
Stack trace:
#0 C:\Bitnami\wampstack-7.3.9-0\apache2\htdocs\yii-version\1.1.20\framework\web\CController.php(270): CController->missingAction('Employer')
#1 C:\Bitnami\wampstack-7.3.9-0\apache2\htdocs\yii-version\1.1.20\framework\web\CWebApplication.php(282): CController->run('Employer')
#2 C:\Bitnami\wampstack-7.3.9-0\apache2\htdocs\yii-version\1.1.20\framework\web\CWebApplication.php(141): CWebApplication->runController('Webmin/Employer')
#3 C:\Bitnami\wampstack-7.3.9-0\apache2\htdocs\yii-version\1.1.20\framework\base\CApplication.php(185): CWebApplication->processRequest()
#4 C:\Bitnami\wampstack-7.3.9-0\apache2\htdocs\recruit\index.php(19): CApplication->run()
#5 {main}
REQUEST_URI=/recruit/index.php?r=Webmin/Employer
HTTP_REFERER=http://localhost:81/recruit/index.php?r=Webmin/LocalAgent
---
2020/12/30 12:52:33 [error] [exception.CHttpException.404] CHttpException: The system is unable to find the requested action "Employer". in C:\Bitnami\wampstack-7.3.9-0\apache2\htdocs\yii-version\1.1.20\framework\web\CController.php:486
Stack trace:
#0 C:\Bitnami\wampstack-7.3.9-0\apache2\htdocs\yii-version\1.1.20\framework\web\CController.php(270): CController->missingAction('Employer')
#1 C:\Bitnami\wampstack-7.3.9-0\apache2\htdocs\yii-version\1.1.20\framework\web\CWebApplication.php(282): CController->run('Employer')
#2 C:\Bitnami\wampstack-7.3.9-0\apache2\htdocs\yii-version\1.1.20\framework\web\CWebApplication.php(141): CWebApplication->runController('Webmin/Employer')
#3 C:\Bitnami\wampstack-7.3.9-0\apache2\htdocs\yii-version\1.1.20\framework\base\CApplication.php(185): CWebApplication->processRequest()
#4 C:\Bitnami\wampstack-7.3.9-0\apache2\htdocs\recruit\index.php(19): CApplication->run()
#5 {main}
REQUEST_URI=/recruit/index.php?r=Webmin/Employer
HTTP_REFERER=http://localhost:81/recruit/index.php?r=Webmin/LocalAgent
---
2021/08/10 17:32:58 [error] [exception.CHttpException.404] CHttpException: Unable to resolve the request "324". in /var/www/html/yii/framework/web/CWebApplication.php:286
Stack trace:
#0 /var/www/html/yii/framework/web/CWebApplication.php(141): CWebApplication->runController('324')
#1 /var/www/html/yii/framework/base/CApplication.php(185): CWebApplication->processRequest()
#2 /var/www/e-bfbms.com/html/recruit/index.php(18): CApplication->run()
#3 {main}
REQUEST_URI=/recruit/index.php?r=324
---
2021/09/03 14:49:08 [error] [exception.CHttpException.404] CHttpException: The system is unable to find the requested action "Employer". in /var/www/html/yii/framework/web/CController.php:486
Stack trace:
#0 /var/www/html/yii/framework/web/CController.php(270): CController->missingAction('Employer')
#1 /var/www/html/yii/framework/web/CWebApplication.php(282): CController->run('Employer')
#2 /var/www/html/yii/framework/web/CWebApplication.php(141): CWebApplication->runController('Webmin/Employer')
#3 /var/www/html/yii/framework/base/CApplication.php(185): CWebApplication->processRequest()
#4 /var/www/e-bfbms.com/html/recruit/index.php(18): CApplication->run()
#5 {main}
REQUEST_URI=/recruit/index.php?r=Webmin/Employer
HTTP_REFERER=https://e-bfbms.com/recruit/index.php?r=Webmin/Company
---
2021/09/03 14:49:42 [error] [exception.CHttpException.404] CHttpException: The system is unable to find the requested action "Employer". in /var/www/html/yii/framework/web/CController.php:486
Stack trace:
#0 /var/www/html/yii/framework/web/CController.php(270): CController->missingAction('Employer')
#1 /var/www/html/yii/framework/web/CWebApplication.php(282): CController->run('Employer')
#2 /var/www/html/yii/framework/web/CWebApplication.php(141): CWebApplication->runController('Webmin/Employer')
#3 /var/www/html/yii/framework/base/CApplication.php(185): CWebApplication->processRequest()
#4 /var/www/e-bfbms.com/html/recruit/index.php(18): CApplication->run()
#5 {main}
REQUEST_URI=/recruit/index.php?r=Webmin/Employer
HTTP_REFERER=https://e-bfbms.com/recruit/index.php?r=Webmin/Company
---
2021/09/03 14:49:50 [error] [exception.CHttpException.404] CHttpException: The system is unable to find the requested action "Employer". in /var/www/html/yii/framework/web/CController.php:486
Stack trace:
#0 /var/www/html/yii/framework/web/CController.php(270): CController->missingAction('Employer')
#1 /var/www/html/yii/framework/web/CWebApplication.php(282): CController->run('Employer')
#2 /var/www/html/yii/framework/web/CWebApplication.php(141): CWebApplication->runController('Webmin/Employer')
#3 /var/www/html/yii/framework/base/CApplication.php(185): CWebApplication->processRequest()
#4 /var/www/e-bfbms.com/html/recruit/index.php(18): CApplication->run()
#5 {main}
REQUEST_URI=/recruit/index.php?r=Webmin/Employer
HTTP_REFERER=https://e-bfbms.com/recruit/index.php?r=Webmin/Company
---
2021/09/03 15:08:28 [error] [exception.CHttpException.404] CHttpException: The system is unable to find the requested action "Employer". in /var/www/html/yii/framework/web/CController.php:486
Stack trace:
#0 /var/www/html/yii/framework/web/CController.php(270): CController->missingAction('Employer')
#1 /var/www/html/yii/framework/web/CWebApplication.php(282): CController->run('Employer')
#2 /var/www/html/yii/framework/web/CWebApplication.php(141): CWebApplication->runController('Webmin/Employer')
#3 /var/www/html/yii/framework/base/CApplication.php(185): CWebApplication->processRequest()
#4 /var/www/e-bfbms.com/html/recruit/index.php(18): CApplication->run()
#5 {main}
REQUEST_URI=/recruit/index.php?r=Webmin/Employer
HTTP_REFERER=https://e-bfbms.com/recruit/index.php?r=Webmin/LocalAgent
---
2021/09/03 15:09:19 [error] [exception.CHttpException.404] CHttpException: The system is unable to find the requested action "Employer". in /var/www/html/yii/framework/web/CController.php:486
Stack trace:
#0 /var/www/html/yii/framework/web/CController.php(270): CController->missingAction('Employer')
#1 /var/www/html/yii/framework/web/CWebApplication.php(282): CController->run('Employer')
#2 /var/www/html/yii/framework/web/CWebApplication.php(141): CWebApplication->runController('Webmin/Employer')
#3 /var/www/html/yii/framework/base/CApplication.php(185): CWebApplication->processRequest()
#4 /var/www/e-bfbms.com/html/recruit/index.php(18): CApplication->run()
#5 {main}
REQUEST_URI=/recruit/index.php?r=Webmin/Employer
HTTP_REFERER=https://e-bfbms.com/recruit/index.php?r=Webmin/Dashboard
---
2021/09/21 13:12:52 [error] [exception.CHttpException.404] CHttpException: The system is unable to find the requested action "Employer". in /var/www/html/yii/framework/web/CController.php:486
Stack trace:
#0 /var/www/html/yii/framework/web/CController.php(270): CController->missingAction('Employer')
#1 /var/www/html/yii/framework/web/CWebApplication.php(282): CController->run('Employer')
#2 /var/www/html/yii/framework/web/CWebApplication.php(141): CWebApplication->runController('Webmin/Employer')
#3 /var/www/html/yii/framework/base/CApplication.php(185): CWebApplication->processRequest()
#4 /var/www/e-bfbms.com/html/recruit/index.php(18): CApplication->run()
#5 {main}
REQUEST_URI=/recruit/index.php?r=Webmin/Employer
HTTP_REFERER=https://e-bfbms.com/recruit/index.php?r=Webmin/LocalAgent
---
2021/09/21 13:13:02 [error] [exception.CHttpException.404] CHttpException: The system is unable to find the requested action "Employer". in /var/www/html/yii/framework/web/CController.php:486
Stack trace:
#0 /var/www/html/yii/framework/web/CController.php(270): CController->missingAction('Employer')
#1 /var/www/html/yii/framework/web/CWebApplication.php(282): CController->run('Employer')
#2 /var/www/html/yii/framework/web/CWebApplication.php(141): CWebApplication->runController('Webmin/Employer')
#3 /var/www/html/yii/framework/base/CApplication.php(185): CWebApplication->processRequest()
#4 /var/www/e-bfbms.com/html/recruit/index.php(18): CApplication->run()
#5 {main}
REQUEST_URI=/recruit/index.php?r=Webmin/Employer
HTTP_REFERER=https://e-bfbms.com/recruit/index.php?r=Webmin/Administrator
---
2021/11/06 13:33:10 [error] [exception.CHttpException.403] CHttpException: You are not authorized to perform this action. in /var/www/html/yii/framework/web/auth/CAccessControlFilter.php:183
Stack trace:
#0 /var/www/html/yii/framework/web/auth/CAccessControlFilter.php(145): CAccessControlFilter->accessDenied(Object(WebUser), 'You are not aut...')
#1 /var/www/html/yii/framework/web/filters/CFilter.php(38): CAccessControlFilter->preFilter(Object(CFilterChain))
#2 /var/www/html/yii/framework/web/CController.php(1148): CFilter->filter(Object(CFilterChain))
#3 /var/www/html/yii/framework/web/filters/CInlineFilter.php(58): CController->filterAccessControl(Object(CFilterChain))
#4 /var/www/html/yii/framework/web/filters/CFilterChain.php(131): CInlineFilter->filter(Object(CFilterChain))
#5 /var/www/html/yii/framework/web/CController.php(291): CFilterChain->run()
#6 /var/www/html/yii/framework/web/CController.php(265): CController->runActionWithFilters(Object(CInlineAction), Array)
#7 /var/www/html/yii/framework/web/CWebApplication.php(282): CController->run('Training')
#8 /var/www/html/yii/framework/web/CWebApplication.php(141): CWebApplication->runController('Sourceagent/Tra...')
#9 /var/www/html/yii/framework/base/CApplication.php(185): CWebApplication->processRequest()
#10 /var/www/e-bfbms.com/html/recruit/index.php(18): CApplication->run()
#11 {main}
REQUEST_URI=/recruit/index.php?r=Sourceagent/Training
HTTP_REFERER=https://e-bfbms.com/recruit/index.php?r=Sourceagent/Dashboard
---
2021/11/06 13:33:40 [error] [exception.CHttpException.403] CHttpException: You are not authorized to perform this action. in /var/www/html/yii/framework/web/auth/CAccessControlFilter.php:183
Stack trace:
#0 /var/www/html/yii/framework/web/auth/CAccessControlFilter.php(145): CAccessControlFilter->accessDenied(Object(WebUser), 'You are not aut...')
#1 /var/www/html/yii/framework/web/filters/CFilter.php(38): CAccessControlFilter->preFilter(Object(CFilterChain))
#2 /var/www/html/yii/framework/web/CController.php(1148): CFilter->filter(Object(CFilterChain))
#3 /var/www/html/yii/framework/web/filters/CInlineFilter.php(58): CController->filterAccessControl(Object(CFilterChain))
#4 /var/www/html/yii/framework/web/filters/CFilterChain.php(131): CInlineFilter->filter(Object(CFilterChain))
#5 /var/www/html/yii/framework/web/CController.php(291): CFilterChain->run()
#6 /var/www/html/yii/framework/web/CController.php(265): CController->runActionWithFilters(Object(CInlineAction), Array)
#7 /var/www/html/yii/framework/web/CWebApplication.php(282): CController->run('Training')
#8 /var/www/html/yii/framework/web/CWebApplication.php(141): CWebApplication->runController('Sourceagent/Tra...')
#9 /var/www/html/yii/framework/base/CApplication.php(185): CWebApplication->processRequest()
#10 /var/www/e-bfbms.com/html/recruit/index.php(18): CApplication->run()
#11 {main}
REQUEST_URI=/recruit/index.php?r=Sourceagent/Training
HTTP_REFERER=https://e-bfbms.com/recruit/index.php?r=Sourceagent/Dashboard
---
2021/11/06 13:33:42 [error] [exception.CHttpException.403] CHttpException: You are not authorized to perform this action. in /var/www/html/yii/framework/web/auth/CAccessControlFilter.php:183
Stack trace:
#0 /var/www/html/yii/framework/web/auth/CAccessControlFilter.php(145): CAccessControlFilter->accessDenied(Object(WebUser), 'You are not aut...')
#1 /var/www/html/yii/framework/web/filters/CFilter.php(38): CAccessControlFilter->preFilter(Object(CFilterChain))
#2 /var/www/html/yii/framework/web/CController.php(1148): CFilter->filter(Object(CFilterChain))
#3 /var/www/html/yii/framework/web/filters/CInlineFilter.php(58): CController->filterAccessControl(Object(CFilterChain))
#4 /var/www/html/yii/framework/web/filters/CFilterChain.php(131): CInlineFilter->filter(Object(CFilterChain))
#5 /var/www/html/yii/framework/web/CController.php(291): CFilterChain->run()
#6 /var/www/html/yii/framework/web/CController.php(265): CController->runActionWithFilters(Object(CInlineAction), Array)
#7 /var/www/html/yii/framework/web/CWebApplication.php(282): CController->run('Training')
#8 /var/www/html/yii/framework/web/CWebApplication.php(141): CWebApplication->runController('Sourceagent/Tra...')
#9 /var/www/html/yii/framework/base/CApplication.php(185): CWebApplication->processRequest()
#10 /var/www/e-bfbms.com/html/recruit/index.php(18): CApplication->run()
#11 {main}
REQUEST_URI=/recruit/index.php?r=Sourceagent/Training
HTTP_REFERER=https://e-bfbms.com/recruit/index.php?r=Sourceagent/Dashboard
---
2021/12/22 01:27:53 [error] [exception.CHttpException.404] CHttpException: The system is unable to find the requested action "Login'[0]". in /var/www/html/yii/framework/web/CController.php:486
Stack trace:
#0 /var/www/html/yii/framework/web/CController.php(270): CController->missingAction('Login'[0]')
#1 /var/www/html/yii/framework/web/CWebApplication.php(282): CController->run('Login'[0]')
#2 /var/www/html/yii/framework/web/CWebApplication.php(141): CWebApplication->runController('Site/Login'[0]')
#3 /var/www/html/yii/framework/base/CApplication.php(185): CWebApplication->processRequest()
#4 /var/www/e-bfbms.com/html/recruit/index.php(18): CApplication->run()
#5 {main}
REQUEST_URI=/recruit/index.php?r=Site/Login'[0]
---
2022/01/10 05:45:41 [error] [exception.CHttpException.400] CHttpException: Authentication token is not activated. in D:\Bitnami\wampstack-7.3.9-0\apache2\htdocs\demo\recruit\protected\components\UserIdentity.php:41
Stack trace:
#0 D:\Bitnami\wampstack-7.3.9-0\apache2\htdocs\demo\recruit\protected\models\LoginForm.php(29): UserIdentity->authenticate()
#1 D:\Bitnami\wampstack-7.3.9-0\apache2\htdocs\yii-version\1.1.24\framework\validators\CInlineValidator.php(42): LoginForm->authenticate('password', Array)
#2 D:\Bitnami\wampstack-7.3.9-0\apache2\htdocs\yii-version\1.1.24\framework\validators\CValidator.php(201): CInlineValidator->validateAttribute(Object(LoginForm), 'password')
#3 D:\Bitnami\wampstack-7.3.9-0\apache2\htdocs\yii-version\1.1.24\framework\base\CModel.php(159): CValidator->validate(Object(LoginForm), Array)
#4 D:\Bitnami\wampstack-7.3.9-0\apache2\htdocs\demo\recruit\protected\controllers\SiteController.php(72): CModel->validate()
#5 D:\Bitnami\wampstack-7.3.9-0\apache2\htdocs\yii-version\1.1.24\framework\web\actions\CInlineAction.php(49): SiteController->actionLogin()
#6 D:\Bitnami\wampstack-7.3.9-0\apache2\htdocs\yii-version\1.1.24\framework\web\CController.php(308): CInlineAction->runWithParams(Array)
#7 D:\Bitnami\wampstack-7.3.9-0\apache2\htdocs\yii-version\1.1.24\framework\web\CController.php(286): CController->runAction(Object(CInlineAction))
#8 D:\Bitnami\wampstack-7.3.9-0\apache2\htdocs\yii-version\1.1.24\framework\web\CController.php(265): CController->runActionWithFilters(Object(CInlineAction), Array)
#9 D:\Bitnami\wampstack-7.3.9-0\apache2\htdocs\yii-version\1.1.24\framework\web\CWebApplication.php(282): CController->run('Login')
#10 D:\Bitnami\wampstack-7.3.9-0\apache2\htdocs\yii-version\1.1.24\framework\web\CWebApplication.php(141): CWebApplication->runController('Site/Login')
#11 D:\Bitnami\wampstack-7.3.9-0\apache2\htdocs\yii-version\1.1.24\framework\base\CApplication.php(185): CWebApplication->processRequest()
#12 D:\Bitnami\wampstack-7.3.9-0\apache2\htdocs\demo\recruit\index.php(19): CApplication->run()
#13 {main}
REQUEST_URI=/demo/recruit/index.php?r=Site/Login
HTTP_REFERER=http://localhost:81/demo/recruit/index.php?r=Site/Login
---
2022/01/10 23:59:08 [error] [exception.CException] CException: CAssetManager.basePath "/var/www/e-bfbms.com/html/demo/recruit/assets" is invalid. Please make sure the directory exists and is writable by the Web server process. in /var/www/html/yii/framework/web/CAssetManager.php:138
Stack trace:
#0 /var/www/html/yii/framework/web/CAssetManager.php(123): CAssetManager->setBasePath('/var/www/e-bfbm...')
#1 /var/www/html/yii/framework/web/CAssetManager.php(217): CAssetManager->getBasePath()
#2 /var/www/html/yii/framework/web/CClientScript.php(511): CAssetManager->publish('/var/www/html/y...')
#3 /var/www/html/yii/framework/web/CClientScript.php(548): CClientScript->getCoreScriptUrl()
#4 /var/www/html/yii/framework/web/CClientScript.php(349): CClientScript->getPackageBaseUrl('jquery')
#5 /var/www/html/yii/framework/web/CClientScript.php(208): CClientScript->renderCoreScripts()
#6 /var/www/html/yii/framework/web/CController.php(352): CClientScript->render('<!DOCTYPE html>...')
#7 /var/www/html/yii/framework/web/CController.php(791): CController->processOutput('<!DOCTYPE html>...')
#8 /var/www/e-bfbms.com/html/demo/recruit/protected/controllers/SiteController.php(77): CController->render('login', Array)
#9 /var/www/html/yii/framework/web/actions/CInlineAction.php(49): SiteController->actionLogin()
#10 /var/www/html/yii/framework/web/CController.php(308): CInlineAction->runWithParams(Array)
#11 /var/www/html/yii/framework/web/CController.php(286): CController->runAction(Object(CInlineAction))
#12 /var/www/html/yii/framework/web/CController.php(265): CController->runActionWithFilters(Object(CInlineAction), Array)
#13 /var/www/html/yii/framework/web/CWebApplication.php(282): CController->run('Login')
#14 /var/www/html/yii/framework/web/CWebApplication.php(141): CWebApplication->runController('Site/Login')
#15 /var/www/html/yii/framework/base/CApplication.php(185): CWebApplication->processRequest()
#16 /var/www/e-bfbms.com/html/demo/recruit/index.php(19): CApplication->run()
#17 {main}
REQUEST_URI=/demo/recruit/index.php?r=Site/Login
HTTP_REFERER=https://e-bfbms.com/demo/recruit/index.php?r=Site/Login
---
2022/01/11 00:36:44 [error] [exception.CException] CException: CAssetManager.basePath "/var/www/e-bfbms.com/html/demo/recruit/assets" is invalid. Please make sure the directory exists and is writable by the Web server process. in /var/www/html/yii/framework/web/CAssetManager.php:138
Stack trace:
#0 /var/www/html/yii/framework/web/CAssetManager.php(123): CAssetManager->setBasePath('/var/www/e-bfbm...')
#1 /var/www/html/yii/framework/web/CAssetManager.php(217): CAssetManager->getBasePath()
#2 /var/www/html/yii/framework/web/CClientScript.php(511): CAssetManager->publish('/var/www/html/y...')
#3 /var/www/html/yii/framework/web/CClientScript.php(548): CClientScript->getCoreScriptUrl()
#4 /var/www/html/yii/framework/web/CClientScript.php(349): CClientScript->getPackageBaseUrl('jquery')
#5 /var/www/html/yii/framework/web/CClientScript.php(208): CClientScript->renderCoreScripts()
#6 /var/www/html/yii/framework/web/CController.php(352): CClientScript->render('<!DOCTYPE html>...')
#7 /var/www/html/yii/framework/web/CController.php(791): CController->processOutput('<!DOCTYPE html>...')
#8 /var/www/e-bfbms.com/html/demo/recruit/protected/controllers/SiteController.php(77): CController->render('login', Array)
#9 /var/www/html/yii/framework/web/actions/CInlineAction.php(49): SiteController->actionLogin()
#10 /var/www/html/yii/framework/web/CController.php(308): CInlineAction->runWithParams(Array)
#11 /var/www/html/yii/framework/web/CController.php(286): CController->runAction(Object(CInlineAction))
#12 /var/www/html/yii/framework/web/CController.php(265): CController->runActionWithFilters(Object(CInlineAction), Array)
#13 /var/www/html/yii/framework/web/CWebApplication.php(282): CController->run('Login')
#14 /var/www/html/yii/framework/web/CWebApplication.php(141): CWebApplication->runController('Site/Login')
#15 /var/www/html/yii/framework/base/CApplication.php(185): CWebApplication->processRequest()
#16 /var/www/e-bfbms.com/html/demo/recruit/index.php(19): CApplication->run()
#17 {main}
REQUEST_URI=/demo/recruit/index.php?r=Site/Login
HTTP_REFERER=https://e-bfbms.com/demo/recruit/index.php?r=Site/Login
---
2022/07/12 12:02:48 [error] [exception.CHttpException.403] CHttpException: You are not authorized to perform this action. in D:\Bitnami\wampstack-7.3.9-0\apache2\htdocs\yii-version\1.1.24\framework\web\auth\CAccessControlFilter.php:183
Stack trace:
#0 D:\Bitnami\wampstack-7.3.9-0\apache2\htdocs\yii-version\1.1.24\framework\web\auth\CAccessControlFilter.php(145): CAccessControlFilter->accessDenied(Object(WebUser), 'You are not aut...')
#1 D:\Bitnami\wampstack-7.3.9-0\apache2\htdocs\yii-version\1.1.24\framework\web\filters\CFilter.php(38): CAccessControlFilter->preFilter(Object(CFilterChain))
#2 D:\Bitnami\wampstack-7.3.9-0\apache2\htdocs\yii-version\1.1.24\framework\web\CController.php(1148): CFilter->filter(Object(CFilterChain))
#3 D:\Bitnami\wampstack-7.3.9-0\apache2\htdocs\yii-version\1.1.24\framework\web\filters\CInlineFilter.php(58): CController->filterAccessControl(Object(CFilterChain))
#4 D:\Bitnami\wampstack-7.3.9-0\apache2\htdocs\yii-version\1.1.24\framework\web\filters\CFilterChain.php(131): CInlineFilter->filter(Object(CFilterChain))
#5 D:\Bitnami\wampstack-7.3.9-0\apache2\htdocs\yii-version\1.1.24\framework\web\CController.php(291): CFilterChain->run()
#6 D:\Bitnami\wampstack-7.3.9-0\apache2\htdocs\yii-version\1.1.24\framework\web\CController.php(265): CController->runActionWithFilters(Object(CInlineAction), Array)
#7 D:\Bitnami\wampstack-7.3.9-0\apache2\htdocs\yii-version\1.1.24\framework\web\CWebApplication.php(282): CController->run('MedicalSlip')
#8 D:\Bitnami\wampstack-7.3.9-0\apache2\htdocs\yii-version\1.1.24\framework\web\CWebApplication.php(141): CWebApplication->runController('Sourceagent/Med...')
#9 D:\Bitnami\wampstack-7.3.9-0\apache2\htdocs\yii-version\1.1.24\framework\base\CApplication.php(185): CWebApplication->processRequest()
#10 D:\Bitnami\wampstack-7.3.9-0\apache2\htdocs\demo\recruit\index.php(19): CApplication->run()
#11 {main}
REQUEST_URI=/demo/recruit/index.php?r=Sourceagent/MedicalSlip&id=
HTTP_REFERER=http://localhost:81/demo/recruit/index.php?r=Sourceagent/Medical
---
2022/07/12 12:07:32 [error] [exception.CHttpException.403] CHttpException: You are not authorized to perform this action. in D:\Bitnami\wampstack-7.3.9-0\apache2\htdocs\yii-version\1.1.24\framework\web\auth\CAccessControlFilter.php:183
Stack trace:
#0 D:\Bitnami\wampstack-7.3.9-0\apache2\htdocs\yii-version\1.1.24\framework\web\auth\CAccessControlFilter.php(145): CAccessControlFilter->accessDenied(Object(WebUser), 'You are not aut...')
#1 D:\Bitnami\wampstack-7.3.9-0\apache2\htdocs\yii-version\1.1.24\framework\web\filters\CFilter.php(38): CAccessControlFilter->preFilter(Object(CFilterChain))
#2 D:\Bitnami\wampstack-7.3.9-0\apache2\htdocs\yii-version\1.1.24\framework\web\CController.php(1148): CFilter->filter(Object(CFilterChain))
#3 D:\Bitnami\wampstack-7.3.9-0\apache2\htdocs\yii-version\1.1.24\framework\web\filters\CInlineFilter.php(58): CController->filterAccessControl(Object(CFilterChain))
#4 D:\Bitnami\wampstack-7.3.9-0\apache2\htdocs\yii-version\1.1.24\framework\web\filters\CFilterChain.php(131): CInlineFilter->filter(Object(CFilterChain))
#5 D:\Bitnami\wampstack-7.3.9-0\apache2\htdocs\yii-version\1.1.24\framework\web\CController.php(291): CFilterChain->run()
#6 D:\Bitnami\wampstack-7.3.9-0\apache2\htdocs\yii-version\1.1.24\framework\web\CController.php(265): CController->runActionWithFilters(Object(CInlineAction), Array)
#7 D:\Bitnami\wampstack-7.3.9-0\apache2\htdocs\yii-version\1.1.24\framework\web\CWebApplication.php(282): CController->run('MedicalSlip')
#8 D:\Bitnami\wampstack-7.3.9-0\apache2\htdocs\yii-version\1.1.24\framework\web\CWebApplication.php(141): CWebApplication->runController('Sourceagent/Med...')
#9 D:\Bitnami\wampstack-7.3.9-0\apache2\htdocs\yii-version\1.1.24\framework\base\CApplication.php(185): CWebApplication->processRequest()
#10 D:\Bitnami\wampstack-7.3.9-0\apache2\htdocs\demo\recruit\index.php(19): CApplication->run()
#11 {main}
REQUEST_URI=/demo/recruit/index.php?r=Sourceagent/MedicalSlip&id=3
HTTP_REFERER=http://localhost:81/demo/recruit/index.php?r=Sourceagent/Medical
---
2022/07/12 12:09:06 [error] [exception.CHttpException.403] CHttpException: You are not authorized to perform this action. in D:\Bitnami\wampstack-7.3.9-0\apache2\htdocs\yii-version\1.1.24\framework\web\auth\CAccessControlFilter.php:183
Stack trace:
#0 D:\Bitnami\wampstack-7.3.9-0\apache2\htdocs\yii-version\1.1.24\framework\web\auth\CAccessControlFilter.php(145): CAccessControlFilter->accessDenied(Object(WebUser), 'You are not aut...')
#1 D:\Bitnami\wampstack-7.3.9-0\apache2\htdocs\yii-version\1.1.24\framework\web\filters\CFilter.php(38): CAccessControlFilter->preFilter(Object(CFilterChain))
#2 D:\Bitnami\wampstack-7.3.9-0\apache2\htdocs\yii-version\1.1.24\framework\web\CController.php(1148): CFilter->filter(Object(CFilterChain))
#3 D:\Bitnami\wampstack-7.3.9-0\apache2\htdocs\yii-version\1.1.24\framework\web\filters\CInlineFilter.php(58): CController->filterAccessControl(Object(CFilterChain))
#4 D:\Bitnami\wampstack-7.3.9-0\apache2\htdocs\yii-version\1.1.24\framework\web\filters\CFilterChain.php(131): CInlineFilter->filter(Object(CFilterChain))
#5 D:\Bitnami\wampstack-7.3.9-0\apache2\htdocs\yii-version\1.1.24\framework\web\CController.php(291): CFilterChain->run()
#6 D:\Bitnami\wampstack-7.3.9-0\apache2\htdocs\yii-version\1.1.24\framework\web\CController.php(265): CController->runActionWithFilters(Object(CInlineAction), Array)
#7 D:\Bitnami\wampstack-7.3.9-0\apache2\htdocs\yii-version\1.1.24\framework\web\CWebApplication.php(282): CController->run('MedicalSlip')
#8 D:\Bitnami\wampstack-7.3.9-0\apache2\htdocs\yii-version\1.1.24\framework\web\CWebApplication.php(141): CWebApplication->runController('Sourceagent/Med...')
#9 D:\Bitnami\wampstack-7.3.9-0\apache2\htdocs\yii-version\1.1.24\framework\base\CApplication.php(185): CWebApplication->processRequest()
#10 D:\Bitnami\wampstack-7.3.9-0\apache2\htdocs\demo\recruit\index.php(19): CApplication->run()
#11 {main}
REQUEST_URI=/demo/recruit/index.php?r=Sourceagent/MedicalSlip&id=3
HTTP_REFERER=http://localhost:81/demo/recruit/index.php?r=Sourceagent/Medical
---
2022/07/12 12:09:54 [error] [exception.CException] CException: Property "Worker.worker" is not defined. in D:\Bitnami\wampstack-7.3.9-0\apache2\htdocs\yii-version\1.1.24\framework\base\CComponent.php:130
Stack trace:
#0 D:\Bitnami\wampstack-7.3.9-0\apache2\htdocs\yii-version\1.1.24\framework\db\ar\CActiveRecord.php(145): CComponent->__get('worker')
#1 D:\Bitnami\wampstack-7.3.9-0\apache2\htdocs\demo\recruit\protected\views\sourceagent\medicalslip.php(51): CActiveRecord->__get('worker')
#2 D:\Bitnami\wampstack-7.3.9-0\apache2\htdocs\yii-version\1.1.24\framework\web\CBaseController.php(126): require('D:\\Bitnami\\wamp...')
#3 D:\Bitnami\wampstack-7.3.9-0\apache2\htdocs\yii-version\1.1.24\framework\web\CBaseController.php(95): CBaseController->renderInternal('D:\\Bitnami\\wamp...', Array, true)
#4 D:\Bitnami\wampstack-7.3.9-0\apache2\htdocs\yii-version\1.1.24\framework\web\CController.php(872): CBaseController->renderFile('D:\\Bitnami\\wamp...', Array, true)
#5 D:\Bitnami\wampstack-7.3.9-0\apache2\htdocs\demo\recruit\protected\controllers\SourceagentController.php(263): CController->renderPartial('medicalslip', Array, true)
#6 [internal function]: SourceagentController->actionMedicalSlip('3')
#7 D:\Bitnami\wampstack-7.3.9-0\apache2\htdocs\yii-version\1.1.24\framework\web\actions\CAction.php(115): ReflectionMethod->invokeArgs(Object(SourceagentController), Array)
#8 D:\Bitnami\wampstack-7.3.9-0\apache2\htdocs\yii-version\1.1.24\framework\web\actions\CInlineAction.php(47): CAction->runWithParamsInternal(Object(SourceagentController), Object(ReflectionMethod), Array)
#9 D:\Bitnami\wampstack-7.3.9-0\apache2\htdocs\yii-version\1.1.24\framework\web\CController.php(308): CInlineAction->runWithParams(Array)
#10 D:\Bitnami\wampstack-7.3.9-0\apache2\htdocs\yii-version\1.1.24\framework\web\filters\CFilterChain.php(134): CController->runAction(Object(CInlineAction))
#11 D:\Bitnami\wampstack-7.3.9-0\apache2\htdocs\yii-version\1.1.24\framework\web\filters\CFilter.php(40): CFilterChain->run()
#12 D:\Bitnami\wampstack-7.3.9-0\apache2\htdocs\yii-version\1.1.24\framework\web\CController.php(1148): CFilter->filter(Object(CFilterChain))
#13 D:\Bitnami\wampstack-7.3.9-0\apache2\htdocs\yii-version\1.1.24\framework\web\filters\CInlineFilter.php(58): CController->filterAccessControl(Object(CFilterChain))
#14 D:\Bitnami\wampstack-7.3.9-0\apache2\htdocs\yii-version\1.1.24\framework\web\filters\CFilterChain.php(131): CInlineFilter->filter(Object(CFilterChain))
#15 D:\Bitnami\wampstack-7.3.9-0\apache2\htdocs\yii-version\1.1.24\framework\web\CController.php(291): CFilterChain->run()
#16 D:\Bitnami\wampstack-7.3.9-0\apache2\htdocs\yii-version\1.1.24\framework\web\CController.php(265): CController->runActionWithFilters(Object(CInlineAction), Array)
#17 D:\Bitnami\wampstack-7.3.9-0\apache2\htdocs\yii-version\1.1.24\framework\web\CWebApplication.php(282): CController->run('MedicalSlip')
#18 D:\Bitnami\wampstack-7.3.9-0\apache2\htdocs\yii-version\1.1.24\framework\web\CWebApplication.php(141): CWebApplication->runController('Sourceagent/Med...')
#19 D:\Bitnami\wampstack-7.3.9-0\apache2\htdocs\yii-version\1.1.24\framework\base\CApplication.php(185): CWebApplication->processRequest()
#20 D:\Bitnami\wampstack-7.3.9-0\apache2\htdocs\demo\recruit\index.php(19): CApplication->run()
#21 {main}
REQUEST_URI=/demo/recruit/index.php?r=Sourceagent/MedicalSlip&id=3
HTTP_REFERER=http://localhost:81/demo/recruit/index.php?r=Sourceagent/Medical
---
2022/07/12 12:10:29 [error] [exception.CException] CException: Property "Worker.worker" is not defined. in D:\Bitnami\wampstack-7.3.9-0\apache2\htdocs\yii-version\1.1.24\framework\base\CComponent.php:130
Stack trace:
#0 D:\Bitnami\wampstack-7.3.9-0\apache2\htdocs\yii-version\1.1.24\framework\db\ar\CActiveRecord.php(145): CComponent->__get('worker')
#1 D:\Bitnami\wampstack-7.3.9-0\apache2\htdocs\demo\recruit\protected\views\sourceagent\medicalslip.php(52): CActiveRecord->__get('worker')
#2 D:\Bitnami\wampstack-7.3.9-0\apache2\htdocs\yii-version\1.1.24\framework\web\CBaseController.php(126): require('D:\\Bitnami\\wamp...')
#3 D:\Bitnami\wampstack-7.3.9-0\apache2\htdocs\yii-version\1.1.24\framework\web\CBaseController.php(95): CBaseController->renderInternal('D:\\Bitnami\\wamp...', Array, true)
#4 D:\Bitnami\wampstack-7.3.9-0\apache2\htdocs\yii-version\1.1.24\framework\web\CController.php(872): CBaseController->renderFile('D:\\Bitnami\\wamp...', Array, true)
#5 D:\Bitnami\wampstack-7.3.9-0\apache2\htdocs\demo\recruit\protected\controllers\SourceagentController.php(263): CController->renderPartial('medicalslip', Array, true)
#6 [internal function]: SourceagentController->actionMedicalSlip('3')
#7 D:\Bitnami\wampstack-7.3.9-0\apache2\htdocs\yii-version\1.1.24\framework\web\actions\CAction.php(115): ReflectionMethod->invokeArgs(Object(SourceagentController), Array)
#8 D:\Bitnami\wampstack-7.3.9-0\apache2\htdocs\yii-version\1.1.24\framework\web\actions\CInlineAction.php(47): CAction->runWithParamsInternal(Object(SourceagentController), Object(ReflectionMethod), Array)
#9 D:\Bitnami\wampstack-7.3.9-0\apache2\htdocs\yii-version\1.1.24\framework\web\CController.php(308): CInlineAction->runWithParams(Array)
#10 D:\Bitnami\wampstack-7.3.9-0\apache2\htdocs\yii-version\1.1.24\framework\web\filters\CFilterChain.php(134): CController->runAction(Object(CInlineAction))
#11 D:\Bitnami\wampstack-7.3.9-0\apache2\htdocs\yii-version\1.1.24\framework\web\filters\CFilter.php(40): CFilterChain->run()
#12 D:\Bitnami\wampstack-7.3.9-0\apache2\htdocs\yii-version\1.1.24\framework\web\CController.php(1148): CFilter->filter(Object(CFilterChain))
#13 D:\Bitnami\wampstack-7.3.9-0\apache2\htdocs\yii-version\1.1.24\framework\web\filters\CInlineFilter.php(58): CController->filterAccessControl(Object(CFilterChain))
#14 D:\Bitnami\wampstack-7.3.9-0\apache2\htdocs\yii-version\1.1.24\framework\web\filters\CFilterChain.php(131): CInlineFilter->filter(Object(CFilterChain))
#15 D:\Bitnami\wampstack-7.3.9-0\apache2\htdocs\yii-version\1.1.24\framework\web\CController.php(291): CFilterChain->run()
#16 D:\Bitnami\wampstack-7.3.9-0\apache2\htdocs\yii-version\1.1.24\framework\web\CController.php(265): CController->runActionWithFilters(Object(CInlineAction), Array)
#17 D:\Bitnami\wampstack-7.3.9-0\apache2\htdocs\yii-version\1.1.24\framework\web\CWebApplication.php(282): CController->run('MedicalSlip')
#18 D:\Bitnami\wampstack-7.3.9-0\apache2\htdocs\yii-version\1.1.24\framework\web\CWebApplication.php(141): CWebApplication->runController('Sourceagent/Med...')
#19 D:\Bitnami\wampstack-7.3.9-0\apache2\htdocs\yii-version\1.1.24\framework\base\CApplication.php(185): CWebApplication->processRequest()
#20 D:\Bitnami\wampstack-7.3.9-0\apache2\htdocs\demo\recruit\index.php(19): CApplication->run()
#21 {main}
REQUEST_URI=/demo/recruit/index.php?r=Sourceagent/MedicalSlip&id=3
HTTP_REFERER=http://localhost:81/demo/recruit/index.php?r=Sourceagent/Medical
---
2022/07/12 12:10:45 [error] [exception.CException] CException: Property "Worker.worker" is not defined. in D:\Bitnami\wampstack-7.3.9-0\apache2\htdocs\yii-version\1.1.24\framework\base\CComponent.php:130
Stack trace:
#0 D:\Bitnami\wampstack-7.3.9-0\apache2\htdocs\yii-version\1.1.24\framework\db\ar\CActiveRecord.php(145): CComponent->__get('worker')
#1 D:\Bitnami\wampstack-7.3.9-0\apache2\htdocs\demo\recruit\protected\views\sourceagent\medicalslip.php(64): CActiveRecord->__get('worker')
#2 D:\Bitnami\wampstack-7.3.9-0\apache2\htdocs\yii-version\1.1.24\framework\web\CBaseController.php(126): require('D:\\Bitnami\\wamp...')
#3 D:\Bitnami\wampstack-7.3.9-0\apache2\htdocs\yii-version\1.1.24\framework\web\CBaseController.php(95): CBaseController->renderInternal('D:\\Bitnami\\wamp...', Array, true)
#4 D:\Bitnami\wampstack-7.3.9-0\apache2\htdocs\yii-version\1.1.24\framework\web\CController.php(872): CBaseController->renderFile('D:\\Bitnami\\wamp...', Array, true)
#5 D:\Bitnami\wampstack-7.3.9-0\apache2\htdocs\demo\recruit\protected\controllers\SourceagentController.php(263): CController->renderPartial('medicalslip', Array, true)
#6 [internal function]: SourceagentController->actionMedicalSlip('3')
#7 D:\Bitnami\wampstack-7.3.9-0\apache2\htdocs\yii-version\1.1.24\framework\web\actions\CAction.php(115): ReflectionMethod->invokeArgs(Object(SourceagentController), Array)
#8 D:\Bitnami\wampstack-7.3.9-0\apache2\htdocs\yii-version\1.1.24\framework\web\actions\CInlineAction.php(47): CAction->runWithParamsInternal(Object(SourceagentController), Object(ReflectionMethod), Array)
#9 D:\Bitnami\wampstack-7.3.9-0\apache2\htdocs\yii-version\1.1.24\framework\web\CController.php(308): CInlineAction->runWithParams(Array)
#10 D:\Bitnami\wampstack-7.3.9-0\apache2\htdocs\yii-version\1.1.24\framework\web\filters\CFilterChain.php(134): CController->runAction(Object(CInlineAction))
#11 D:\Bitnami\wampstack-7.3.9-0\apache2\htdocs\yii-version\1.1.24\framework\web\filters\CFilter.php(40): CFilterChain->run()
#12 D:\Bitnami\wampstack-7.3.9-0\apache2\htdocs\yii-version\1.1.24\framework\web\CController.php(1148): CFilter->filter(Object(CFilterChain))
#13 D:\Bitnami\wampstack-7.3.9-0\apache2\htdocs\yii-version\1.1.24\framework\web\filters\CInlineFilter.php(58): CController->filterAccessControl(Object(CFilterChain))
#14 D:\Bitnami\wampstack-7.3.9-0\apache2\htdocs\yii-version\1.1.24\framework\web\filters\CFilterChain.php(131): CInlineFilter->filter(Object(CFilterChain))
#15 D:\Bitnami\wampstack-7.3.9-0\apache2\htdocs\yii-version\1.1.24\framework\web\CController.php(291): CFilterChain->run()
#16 D:\Bitnami\wampstack-7.3.9-0\apache2\htdocs\yii-version\1.1.24\framework\web\CController.php(265): CController->runActionWithFilters(Object(CInlineAction), Array)
#17 D:\Bitnami\wampstack-7.3.9-0\apache2\htdocs\yii-version\1.1.24\framework\web\CWebApplication.php(282): CController->run('MedicalSlip')
#18 D:\Bitnami\wampstack-7.3.9-0\apache2\htdocs\yii-version\1.1.24\framework\web\CWebApplication.php(141): CWebApplication->runController('Sourceagent/Med...')
#19 D:\Bitnami\wampstack-7.3.9-0\apache2\htdocs\yii-version\1.1.24\framework\base\CApplication.php(185): CWebApplication->processRequest()
#20 D:\Bitnami\wampstack-7.3.9-0\apache2\htdocs\demo\recruit\index.php(19): CApplication->run()
#21 {main}
REQUEST_URI=/demo/recruit/index.php?r=Sourceagent/MedicalSlip&id=3
HTTP_REFERER=http://localhost:81/demo/recruit/index.php?r=Sourceagent/Medical
---
2022/07/12 12:12:24 [error] [exception.CException] CException: Property "Worker.employer" is not defined. in D:\Bitnami\wampstack-7.3.9-0\apache2\htdocs\yii-version\1.1.24\framework\base\CComponent.php:130
Stack trace:
#0 D:\Bitnami\wampstack-7.3.9-0\apache2\htdocs\yii-version\1.1.24\framework\db\ar\CActiveRecord.php(145): CComponent->__get('employer')
#1 D:\Bitnami\wampstack-7.3.9-0\apache2\htdocs\demo\recruit\protected\views\sourceagent\medicalslip.php(115): CActiveRecord->__get('employer')
#2 D:\Bitnami\wampstack-7.3.9-0\apache2\htdocs\yii-version\1.1.24\framework\web\CBaseController.php(126): require('D:\\Bitnami\\wamp...')
#3 D:\Bitnami\wampstack-7.3.9-0\apache2\htdocs\yii-version\1.1.24\framework\web\CBaseController.php(95): CBaseController->renderInternal('D:\\Bitnami\\wamp...', Array, true)
#4 D:\Bitnami\wampstack-7.3.9-0\apache2\htdocs\yii-version\1.1.24\framework\web\CController.php(872): CBaseController->renderFile('D:\\Bitnami\\wamp...', Array, true)
#5 D:\Bitnami\wampstack-7.3.9-0\apache2\htdocs\demo\recruit\protected\controllers\SourceagentController.php(263): CController->renderPartial('medicalslip', Array, true)
#6 [internal function]: SourceagentController->actionMedicalSlip('3')
#7 D:\Bitnami\wampstack-7.3.9-0\apache2\htdocs\yii-version\1.1.24\framework\web\actions\CAction.php(115): ReflectionMethod->invokeArgs(Object(SourceagentController), Array)
#8 D:\Bitnami\wampstack-7.3.9-0\apache2\htdocs\yii-version\1.1.24\framework\web\actions\CInlineAction.php(47): CAction->runWithParamsInternal(Object(SourceagentController), Object(ReflectionMethod), Array)
#9 D:\Bitnami\wampstack-7.3.9-0\apache2\htdocs\yii-version\1.1.24\framework\web\CController.php(308): CInlineAction->runWithParams(Array)
#10 D:\Bitnami\wampstack-7.3.9-0\apache2\htdocs\yii-version\1.1.24\framework\web\filters\CFilterChain.php(134): CController->runAction(Object(CInlineAction))
#11 D:\Bitnami\wampstack-7.3.9-0\apache2\htdocs\yii-version\1.1.24\framework\web\filters\CFilter.php(40): CFilterChain->run()
#12 D:\Bitnami\wampstack-7.3.9-0\apache2\htdocs\yii-version\1.1.24\framework\web\CController.php(1148): CFilter->filter(Object(CFilterChain))
#13 D:\Bitnami\wampstack-7.3.9-0\apache2\htdocs\yii-version\1.1.24\framework\web\filters\CInlineFilter.php(58): CController->filterAccessControl(Object(CFilterChain))
#14 D:\Bitnami\wampstack-7.3.9-0\apache2\htdocs\yii-version\1.1.24\framework\web\filters\CFilterChain.php(131): CInlineFilter->filter(Object(CFilterChain))
#15 D:\Bitnami\wampstack-7.3.9-0\apache2\htdocs\yii-version\1.1.24\framework\web\CController.php(291): CFilterChain->run()
#16 D:\Bitnami\wampstack-7.3.9-0\apache2\htdocs\yii-version\1.1.24\framework\web\CController.php(265): CController->runActionWithFilters(Object(CInlineAction), Array)
#17 D:\Bitnami\wampstack-7.3.9-0\apache2\htdocs\yii-version\1.1.24\framework\web\CWebApplication.php(282): CController->run('MedicalSlip')
#18 D:\Bitnami\wampstack-7.3.9-0\apache2\htdocs\yii-version\1.1.24\framework\web\CWebApplication.php(141): CWebApplication->runController('Sourceagent/Med...')
#19 D:\Bitnami\wampstack-7.3.9-0\apache2\htdocs\yii-version\1.1.24\framework\base\CApplication.php(185): CWebApplication->processRequest()
#20 D:\Bitnami\wampstack-7.3.9-0\apache2\htdocs\demo\recruit\index.php(19): CApplication->run()
#21 {main}
REQUEST_URI=/demo/recruit/index.php?r=Sourceagent/MedicalSlip&id=3
HTTP_REFERER=http://localhost:81/demo/recruit/index.php?r=Sourceagent/Medical
---
2022/07/12 12:17:24 [error] [exception.CException] CException: Property "Worker.passport" is not defined. in D:\Bitnami\wampstack-7.3.9-0\apache2\htdocs\yii-version\1.1.24\framework\base\CComponent.php:130
Stack trace:
#0 D:\Bitnami\wampstack-7.3.9-0\apache2\htdocs\yii-version\1.1.24\framework\db\ar\CActiveRecord.php(145): CComponent->__get('passport')
#1 D:\Bitnami\wampstack-7.3.9-0\apache2\htdocs\demo\recruit\protected\views\sourceagent\medicalslip.php(75): CActiveRecord->__get('passport')
#2 D:\Bitnami\wampstack-7.3.9-0\apache2\htdocs\yii-version\1.1.24\framework\web\CBaseController.php(126): require('D:\\Bitnami\\wamp...')
#3 D:\Bitnami\wampstack-7.3.9-0\apache2\htdocs\yii-version\1.1.24\framework\web\CBaseController.php(95): CBaseController->renderInternal('D:\\Bitnami\\wamp...', Array, true)
#4 D:\Bitnami\wampstack-7.3.9-0\apache2\htdocs\yii-version\1.1.24\framework\web\CController.php(872): CBaseController->renderFile('D:\\Bitnami\\wamp...', Array, true)
#5 D:\Bitnami\wampstack-7.3.9-0\apache2\htdocs\demo\recruit\protected\controllers\SourceagentController.php(263): CController->renderPartial('medicalslip', Array, true)
#6 [internal function]: SourceagentController->actionMedicalSlip('3')
#7 D:\Bitnami\wampstack-7.3.9-0\apache2\htdocs\yii-version\1.1.24\framework\web\actions\CAction.php(115): ReflectionMethod->invokeArgs(Object(SourceagentController), Array)
#8 D:\Bitnami\wampstack-7.3.9-0\apache2\htdocs\yii-version\1.1.24\framework\web\actions\CInlineAction.php(47): CAction->runWithParamsInternal(Object(SourceagentController), Object(ReflectionMethod), Array)
#9 D:\Bitnami\wampstack-7.3.9-0\apache2\htdocs\yii-version\1.1.24\framework\web\CController.php(308): CInlineAction->runWithParams(Array)
#10 D:\Bitnami\wampstack-7.3.9-0\apache2\htdocs\yii-version\1.1.24\framework\web\filters\CFilterChain.php(134): CController->runAction(Object(CInlineAction))
#11 D:\Bitnami\wampstack-7.3.9-0\apache2\htdocs\yii-version\1.1.24\framework\web\filters\CFilter.php(40): CFilterChain->run()
#12 D:\Bitnami\wampstack-7.3.9-0\apache2\htdocs\yii-version\1.1.24\framework\web\CController.php(1148): CFilter->filter(Object(CFilterChain))
#13 D:\Bitnami\wampstack-7.3.9-0\apache2\htdocs\yii-version\1.1.24\framework\web\filters\CInlineFilter.php(58): CController->filterAccessControl(Object(CFilterChain))
#14 D:\Bitnami\wampstack-7.3.9-0\apache2\htdocs\yii-version\1.1.24\framework\web\filters\CFilterChain.php(131): CInlineFilter->filter(Object(CFilterChain))
#15 D:\Bitnami\wampstack-7.3.9-0\apache2\htdocs\yii-version\1.1.24\framework\web\CController.php(291): CFilterChain->run()
#16 D:\Bitnami\wampstack-7.3.9-0\apache2\htdocs\yii-version\1.1.24\framework\web\CController.php(265): CController->runActionWithFilters(Object(CInlineAction), Array)
#17 D:\Bitnami\wampstack-7.3.9-0\apache2\htdocs\yii-version\1.1.24\framework\web\CWebApplication.php(282): CController->run('MedicalSlip')
#18 D:\Bitnami\wampstack-7.3.9-0\apache2\htdocs\yii-version\1.1.24\framework\web\CWebApplication.php(141): CWebApplication->runController('Sourceagent/Med...')
#19 D:\Bitnami\wampstack-7.3.9-0\apache2\htdocs\yii-version\1.1.24\framework\base\CApplication.php(185): CWebApplication->processRequest()
#20 D:\Bitnami\wampstack-7.3.9-0\apache2\htdocs\demo\recruit\index.php(19): CApplication->run()
#21 {main}
REQUEST_URI=/demo/recruit/index.php?r=Sourceagent/MedicalSlip&id=3
HTTP_REFERER=http://localhost:81/demo/recruit/index.php?r=Sourceagent/Medical
---
2022/07/12 12:25:31 [error] [exception.CException] CException: SourceagentController cannot find the requested view "trainingslip". in D:\Bitnami\wampstack-7.3.9-0\apache2\htdocs\yii-version\1.1.24\framework\web\CController.php:881
Stack trace:
#0 D:\Bitnami\wampstack-7.3.9-0\apache2\htdocs\demo\recruit\protected\controllers\SourceagentController.php(298): CController->renderPartial('trainingslip', Array, true)
#1 [internal function]: SourceagentController->actionTrainingSlip('1')
#2 D:\Bitnami\wampstack-7.3.9-0\apache2\htdocs\yii-version\1.1.24\framework\web\actions\CAction.php(115): ReflectionMethod->invokeArgs(Object(SourceagentController), Array)
#3 D:\Bitnami\wampstack-7.3.9-0\apache2\htdocs\yii-version\1.1.24\framework\web\actions\CInlineAction.php(47): CAction->runWithParamsInternal(Object(SourceagentController), Object(ReflectionMethod), Array)
#4 D:\Bitnami\wampstack-7.3.9-0\apache2\htdocs\yii-version\1.1.24\framework\web\CController.php(308): CInlineAction->runWithParams(Array)
#5 D:\Bitnami\wampstack-7.3.9-0\apache2\htdocs\yii-version\1.1.24\framework\web\filters\CFilterChain.php(134): CController->runAction(Object(CInlineAction))
#6 D:\Bitnami\wampstack-7.3.9-0\apache2\htdocs\yii-version\1.1.24\framework\web\filters\CFilter.php(40): CFilterChain->run()
#7 D:\Bitnami\wampstack-7.3.9-0\apache2\htdocs\yii-version\1.1.24\framework\web\CController.php(1148): CFilter->filter(Object(CFilterChain))
#8 D:\Bitnami\wampstack-7.3.9-0\apache2\htdocs\yii-version\1.1.24\framework\web\filters\CInlineFilter.php(58): CController->filterAccessControl(Object(CFilterChain))
#9 D:\Bitnami\wampstack-7.3.9-0\apache2\htdocs\yii-version\1.1.24\framework\web\filters\CFilterChain.php(131): CInlineFilter->filter(Object(CFilterChain))
#10 D:\Bitnami\wampstack-7.3.9-0\apache2\htdocs\yii-version\1.1.24\framework\web\CController.php(291): CFilterChain->run()
#11 D:\Bitnami\wampstack-7.3.9-0\apache2\htdocs\yii-version\1.1.24\framework\web\CController.php(265): CController->runActionWithFilters(Object(CInlineAction), Array)
#12 D:\Bitnami\wampstack-7.3.9-0\apache2\htdocs\yii-version\1.1.24\framework\web\CWebApplication.php(282): CController->run('TrainingSlip')
#13 D:\Bitnami\wampstack-7.3.9-0\apache2\htdocs\yii-version\1.1.24\framework\web\CWebApplication.php(141): CWebApplication->runController('Sourceagent/Tra...')
#14 D:\Bitnami\wampstack-7.3.9-0\apache2\htdocs\yii-version\1.1.24\framework\base\CApplication.php(185): CWebApplication->processRequest()
#15 D:\Bitnami\wampstack-7.3.9-0\apache2\htdocs\demo\recruit\index.php(19): CApplication->run()
#16 {main}
REQUEST_URI=/demo/recruit/index.php?r=Sourceagent/TrainingSlip&id=1
HTTP_REFERER=http://localhost:81/demo/recruit/index.php?r=Sourceagent/Training
---
2022/07/12 12:26:24 [error] [exception.CException] CException: SourceagentController cannot find the requested view "trainingslip". in D:\Bitnami\wampstack-7.3.9-0\apache2\htdocs\yii-version\1.1.24\framework\web\CController.php:881
Stack trace:
#0 D:\Bitnami\wampstack-7.3.9-0\apache2\htdocs\demo\recruit\protected\controllers\SourceagentController.php(298): CController->renderPartial('trainingslip', Array, true)
#1 [internal function]: SourceagentController->actionTrainingSlip('1')
#2 D:\Bitnami\wampstack-7.3.9-0\apache2\htdocs\yii-version\1.1.24\framework\web\actions\CAction.php(115): ReflectionMethod->invokeArgs(Object(SourceagentController), Array)
#3 D:\Bitnami\wampstack-7.3.9-0\apache2\htdocs\yii-version\1.1.24\framework\web\actions\CInlineAction.php(47): CAction->runWithParamsInternal(Object(SourceagentController), Object(ReflectionMethod), Array)
#4 D:\Bitnami\wampstack-7.3.9-0\apache2\htdocs\yii-version\1.1.24\framework\web\CController.php(308): CInlineAction->runWithParams(Array)
#5 D:\Bitnami\wampstack-7.3.9-0\apache2\htdocs\yii-version\1.1.24\framework\web\filters\CFilterChain.php(134): CController->runAction(Object(CInlineAction))
#6 D:\Bitnami\wampstack-7.3.9-0\apache2\htdocs\yii-version\1.1.24\framework\web\filters\CFilter.php(40): CFilterChain->run()
#7 D:\Bitnami\wampstack-7.3.9-0\apache2\htdocs\yii-version\1.1.24\framework\web\CController.php(1148): CFilter->filter(Object(CFilterChain))
#8 D:\Bitnami\wampstack-7.3.9-0\apache2\htdocs\yii-version\1.1.24\framework\web\filters\CInlineFilter.php(58): CController->filterAccessControl(Object(CFilterChain))
#9 D:\Bitnami\wampstack-7.3.9-0\apache2\htdocs\yii-version\1.1.24\framework\web\filters\CFilterChain.php(131): CInlineFilter->filter(Object(CFilterChain))
#10 D:\Bitnami\wampstack-7.3.9-0\apache2\htdocs\yii-version\1.1.24\framework\web\CController.php(291): CFilterChain->run()
#11 D:\Bitnami\wampstack-7.3.9-0\apache2\htdocs\yii-version\1.1.24\framework\web\CController.php(265): CController->runActionWithFilters(Object(CInlineAction), Array)
#12 D:\Bitnami\wampstack-7.3.9-0\apache2\htdocs\yii-version\1.1.24\framework\web\CWebApplication.php(282): CController->run('TrainingSlip')
#13 D:\Bitnami\wampstack-7.3.9-0\apache2\htdocs\yii-version\1.1.24\framework\web\CWebApplication.php(141): CWebApplication->runController('Sourceagent/Tra...')
#14 D:\Bitnami\wampstack-7.3.9-0\apache2\htdocs\yii-version\1.1.24\framework\base\CApplication.php(185): CWebApplication->processRequest()
#15 D:\Bitnami\wampstack-7.3.9-0\apache2\htdocs\demo\recruit\index.php(19): CApplication->run()
#16 {main}
REQUEST_URI=/demo/recruit/index.php?r=Sourceagent/TrainingSlip&id=1
HTTP_REFERER=http://localhost:81/demo/recruit/index.php?r=Sourceagent/Training
---
2022/07/12 12:26:35 [error] [exception.CException] CException: SourceagentController cannot find the requested view "trainingslip". in D:\Bitnami\wampstack-7.3.9-0\apache2\htdocs\yii-version\1.1.24\framework\web\CController.php:881
Stack trace:
#0 D:\Bitnami\wampstack-7.3.9-0\apache2\htdocs\demo\recruit\protected\controllers\SourceagentController.php(298): CController->renderPartial('trainingslip', Array, true)
#1 [internal function]: SourceagentController->actionTrainingSlip('1')
#2 D:\Bitnami\wampstack-7.3.9-0\apache2\htdocs\yii-version\1.1.24\framework\web\actions\CAction.php(115): ReflectionMethod->invokeArgs(Object(SourceagentController), Array)
#3 D:\Bitnami\wampstack-7.3.9-0\apache2\htdocs\yii-version\1.1.24\framework\web\actions\CInlineAction.php(47): CAction->runWithParamsInternal(Object(SourceagentController), Object(ReflectionMethod), Array)
#4 D:\Bitnami\wampstack-7.3.9-0\apache2\htdocs\yii-version\1.1.24\framework\web\CController.php(308): CInlineAction->runWithParams(Array)
#5 D:\Bitnami\wampstack-7.3.9-0\apache2\htdocs\yii-version\1.1.24\framework\web\filters\CFilterChain.php(134): CController->runAction(Object(CInlineAction))
#6 D:\Bitnami\wampstack-7.3.9-0\apache2\htdocs\yii-version\1.1.24\framework\web\filters\CFilter.php(40): CFilterChain->run()
#7 D:\Bitnami\wampstack-7.3.9-0\apache2\htdocs\yii-version\1.1.24\framework\web\CController.php(1148): CFilter->filter(Object(CFilterChain))
#8 D:\Bitnami\wampstack-7.3.9-0\apache2\htdocs\yii-version\1.1.24\framework\web\filters\CInlineFilter.php(58): CController->filterAccessControl(Object(CFilterChain))
#9 D:\Bitnami\wampstack-7.3.9-0\apache2\htdocs\yii-version\1.1.24\framework\web\filters\CFilterChain.php(131): CInlineFilter->filter(Object(CFilterChain))
#10 D:\Bitnami\wampstack-7.3.9-0\apache2\htdocs\yii-version\1.1.24\framework\web\CController.php(291): CFilterChain->run()
#11 D:\Bitnami\wampstack-7.3.9-0\apache2\htdocs\yii-version\1.1.24\framework\web\CController.php(265): CController->runActionWithFilters(Object(CInlineAction), Array)
#12 D:\Bitnami\wampstack-7.3.9-0\apache2\htdocs\yii-version\1.1.24\framework\web\CWebApplication.php(282): CController->run('TrainingSlip')
#13 D:\Bitnami\wampstack-7.3.9-0\apache2\htdocs\yii-version\1.1.24\framework\web\CWebApplication.php(141): CWebApplication->runController('Sourceagent/Tra...')
#14 D:\Bitnami\wampstack-7.3.9-0\apache2\htdocs\yii-version\1.1.24\framework\base\CApplication.php(185): CWebApplication->processRequest()
#15 D:\Bitnami\wampstack-7.3.9-0\apache2\htdocs\demo\recruit\index.php(19): CApplication->run()
#16 {main}
REQUEST_URI=/demo/recruit/index.php?r=Sourceagent/TrainingSlip&id=1
HTTP_REFERER=http://localhost:81/demo/recruit/index.php?r=Sourceagent/Training
---
2022/07/12 12:32:23 [error] [exception.CException] CException: SourceagentController cannot find the requested view "linkworker". in D:\Bitnami\wampstack-7.3.9-0\apache2\htdocs\yii-version\1.1.24\framework\web\CController.php:881
Stack trace:
#0 D:\Bitnami\wampstack-7.3.9-0\apache2\htdocs\yii-version\1.1.24\framework\web\CController.php(785): CController->renderPartial('linkworker', Array, true)
#1 D:\Bitnami\wampstack-7.3.9-0\apache2\htdocs\demo\recruit\protected\controllers\SourceagentController.php(415): CController->render('linkworker', Array)
#2 D:\Bitnami\wampstack-7.3.9-0\apache2\htdocs\yii-version\1.1.24\framework\web\actions\CInlineAction.php(49): SourceagentController->actionWorker()
#3 D:\Bitnami\wampstack-7.3.9-0\apache2\htdocs\yii-version\1.1.24\framework\web\CController.php(308): CInlineAction->runWithParams(Array)
#4 D:\Bitnami\wampstack-7.3.9-0\apache2\htdocs\yii-version\1.1.24\framework\web\filters\CFilterChain.php(134): CController->runAction(Object(CInlineAction))
#5 D:\Bitnami\wampstack-7.3.9-0\apache2\htdocs\yii-version\1.1.24\framework\web\filters\CFilter.php(40): CFilterChain->run()
#6 D:\Bitnami\wampstack-7.3.9-0\apache2\htdocs\yii-version\1.1.24\framework\web\CController.php(1148): CFilter->filter(Object(CFilterChain))
#7 D:\Bitnami\wampstack-7.3.9-0\apache2\htdocs\yii-version\1.1.24\framework\web\filters\CInlineFilter.php(58): CController->filterAccessControl(Object(CFilterChain))
#8 D:\Bitnami\wampstack-7.3.9-0\apache2\htdocs\yii-version\1.1.24\framework\web\filters\CFilterChain.php(131): CInlineFilter->filter(Object(CFilterChain))
#9 D:\Bitnami\wampstack-7.3.9-0\apache2\htdocs\yii-version\1.1.24\framework\web\CController.php(291): CFilterChain->run()
#10 D:\Bitnami\wampstack-7.3.9-0\apache2\htdocs\yii-version\1.1.24\framework\web\CController.php(265): CController->runActionWithFilters(Object(CInlineAction), Array)
#11 D:\Bitnami\wampstack-7.3.9-0\apache2\htdocs\yii-version\1.1.24\framework\web\CWebApplication.php(282): CController->run('Worker')
#12 D:\Bitnami\wampstack-7.3.9-0\apache2\htdocs\yii-version\1.1.24\framework\web\CWebApplication.php(141): CWebApplication->runController('Sourceagent/Wor...')
#13 D:\Bitnami\wampstack-7.3.9-0\apache2\htdocs\yii-version\1.1.24\framework\base\CApplication.php(185): CWebApplication->processRequest()
#14 D:\Bitnami\wampstack-7.3.9-0\apache2\htdocs\demo\recruit\index.php(19): CApplication->run()
#15 {main}
REQUEST_URI=/demo/recruit/index.php?r=Sourceagent/Worker
HTTP_REFERER=http://localhost:81/demo/recruit/index.php?r=Sourceagent/Training
---
2022/07/14 05:41:55 [error] [exception.CException] CException: Property "CWebApplication.dbmedical" is not defined. in D:\Bitnami\wampstack-7.3.9-0\apache2\htdocs\yii-version\1.1.24\framework\base\CComponent.php:130
Stack trace:
#0 D:\Bitnami\wampstack-7.3.9-0\apache2\htdocs\yii-version\1.1.24\framework\base\CModule.php(105): CComponent->__get('dbmedical')
#1 D:\Bitnami\wampstack-7.3.9-0\apache2\htdocs\demo\recruit\protected\models\MedicalProfile.php(10): CModule->__get('dbmedical')
#2 D:\Bitnami\wampstack-7.3.9-0\apache2\htdocs\yii-version\1.1.24\framework\db\ar\CActiveRecord.php(1436): MedicalProfile->getDbConnection()
#3 D:\Bitnami\wampstack-7.3.9-0\apache2\htdocs\yii-version\1.1.24\framework\db\ar\CActiveRecord.php(1542): CActiveRecord->getTableAlias(true)
#4 D:\Bitnami\wampstack-7.3.9-0\apache2\htdocs\demo\recruit\protected\controllers\SourceagentController.php(247): CActiveRecord->findAllByAttributes(Array, Array)
#5 D:\Bitnami\wampstack-7.3.9-0\apache2\htdocs\yii-version\1.1.24\framework\web\actions\CInlineAction.php(49): SourceagentController->actionMedical()
#6 D:\Bitnami\wampstack-7.3.9-0\apache2\htdocs\yii-version\1.1.24\framework\web\CController.php(308): CInlineAction->runWithParams(Array)
#7 D:\Bitnami\wampstack-7.3.9-0\apache2\htdocs\yii-version\1.1.24\framework\web\filters\CFilterChain.php(134): CController->runAction(Object(CInlineAction))
#8 D:\Bitnami\wampstack-7.3.9-0\apache2\htdocs\yii-version\1.1.24\framework\web\filters\CFilter.php(40): CFilterChain->run()
#9 D:\Bitnami\wampstack-7.3.9-0\apache2\htdocs\yii-version\1.1.24\framework\web\CController.php(1148): CFilter->filter(Object(CFilterChain))
#10 D:\Bitnami\wampstack-7.3.9-0\apache2\htdocs\yii-version\1.1.24\framework\web\filters\CInlineFilter.php(58): CController->filterAccessControl(Object(CFilterChain))
#11 D:\Bitnami\wampstack-7.3.9-0\apache2\htdocs\yii-version\1.1.24\framework\web\filters\CFilterChain.php(131): CInlineFilter->filter(Object(CFilterChain))
#12 D:\Bitnami\wampstack-7.3.9-0\apache2\htdocs\yii-version\1.1.24\framework\web\CController.php(291): CFilterChain->run()
#13 D:\Bitnami\wampstack-7.3.9-0\apache2\htdocs\yii-version\1.1.24\framework\web\CController.php(265): CController->runActionWithFilters(Object(CInlineAction), Array)
#14 D:\Bitnami\wampstack-7.3.9-0\apache2\htdocs\yii-version\1.1.24\framework\web\CWebApplication.php(282): CController->run('Medical')
#15 D:\Bitnami\wampstack-7.3.9-0\apache2\htdocs\yii-version\1.1.24\framework\web\CWebApplication.php(141): CWebApplication->runController('Sourceagent/Med...')
#16 D:\Bitnami\wampstack-7.3.9-0\apache2\htdocs\yii-version\1.1.24\framework\base\CApplication.php(185): CWebApplication->processRequest()
#17 D:\Bitnami\wampstack-7.3.9-0\apache2\htdocs\demo\recruit\index.php(19): CApplication->run()
#18 {main}
REQUEST_URI=/demo/recruit/index.php?r=Sourceagent/Medical
HTTP_REFERER=http://localhost:81/demo/recruit/index.php?r=Sourceagent/Worker
---
2023/04/06 08:13:08 [error] [exception.CHttpException.404] CHttpException: The system is unable to find the requested action "Login2". in D:\Bitnami\wampstack-7.3.9-0\apache2\htdocs\yii-version\1.1.24\framework\web\CController.php:486
Stack trace:
#0 D:\Bitnami\wampstack-7.3.9-0\apache2\htdocs\yii-version\1.1.24\framework\web\CController.php(270): CController->missingAction('Login2')
#1 D:\Bitnami\wampstack-7.3.9-0\apache2\htdocs\yii-version\1.1.24\framework\web\CWebApplication.php(282): CController->run('Login2')
#2 D:\Bitnami\wampstack-7.3.9-0\apache2\htdocs\yii-version\1.1.24\framework\web\CWebApplication.php(141): CWebApplication->runController('Site/Login2')
#3 D:\Bitnami\wampstack-7.3.9-0\apache2\htdocs\yii-version\1.1.24\framework\base\CApplication.php(185): CWebApplication->processRequest()
#4 D:\Bitnami\wampstack-7.3.9-0\apache2\htdocs\fresh\recruit\index.php(19): CApplication->run()
#5 {main}
REQUEST_URI=/fresh/recruit/index.php?r=Site/Login2
---
2023/04/06 13:17:06 [error] [exception.CException] CException: Property "MedicalProfile.doctor" is not defined. in D:\Bitnami\wampstack-7.3.9-0\apache2\htdocs\yii-version\1.1.24\framework\base\CComponent.php:130
Stack trace:
#0 D:\Bitnami\wampstack-7.3.9-0\apache2\htdocs\yii-version\1.1.24\framework\db\ar\CActiveRecord.php(145): CComponent->__get('doctor')
#1 D:\Bitnami\wampstack-7.3.9-0\apache2\htdocs\fresh\recruit\protected\views\sourceagent\medicalslip.php(154): CActiveRecord->__get('doctor')
#2 D:\Bitnami\wampstack-7.3.9-0\apache2\htdocs\yii-version\1.1.24\framework\web\CBaseController.php(126): require('D:\\Bitnami\\wamp...')
#3 D:\Bitnami\wampstack-7.3.9-0\apache2\htdocs\yii-version\1.1.24\framework\web\CBaseController.php(95): CBaseController->renderInternal('D:\\Bitnami\\wamp...', Array, true)
#4 D:\Bitnami\wampstack-7.3.9-0\apache2\htdocs\yii-version\1.1.24\framework\web\CController.php(872): CBaseController->renderFile('D:\\Bitnami\\wamp...', Array, true)
#5 D:\Bitnami\wampstack-7.3.9-0\apache2\htdocs\fresh\recruit\protected\controllers\SourceagentController.php(281): CController->renderPartial('medicalslip', Array, true)
#6 [internal function]: SourceagentController->actionMedicalSlip('2')
#7 D:\Bitnami\wampstack-7.3.9-0\apache2\htdocs\yii-version\1.1.24\framework\web\actions\CAction.php(115): ReflectionMethod->invokeArgs(Object(SourceagentController), Array)
#8 D:\Bitnami\wampstack-7.3.9-0\apache2\htdocs\yii-version\1.1.24\framework\web\actions\CInlineAction.php(47): CAction->runWithParamsInternal(Object(SourceagentController), Object(ReflectionMethod), Array)
#9 D:\Bitnami\wampstack-7.3.9-0\apache2\htdocs\yii-version\1.1.24\framework\web\CController.php(308): CInlineAction->runWithParams(Array)
#10 D:\Bitnami\wampstack-7.3.9-0\apache2\htdocs\yii-version\1.1.24\framework\web\filters\CFilterChain.php(134): CController->runAction(Object(CInlineAction))
#11 D:\Bitnami\wampstack-7.3.9-0\apache2\htdocs\yii-version\1.1.24\framework\web\filters\CFilter.php(40): CFilterChain->run()
#12 D:\Bitnami\wampstack-7.3.9-0\apache2\htdocs\yii-version\1.1.24\framework\web\CController.php(1148): CFilter->filter(Object(CFilterChain))
#13 D:\Bitnami\wampstack-7.3.9-0\apache2\htdocs\yii-version\1.1.24\framework\web\filters\CInlineFilter.php(58): CController->filterAccessControl(Object(CFilterChain))
#14 D:\Bitnami\wampstack-7.3.9-0\apache2\htdocs\yii-version\1.1.24\framework\web\filters\CFilterChain.php(131): CInlineFilter->filter(Object(CFilterChain))
#15 D:\Bitnami\wampstack-7.3.9-0\apache2\htdocs\yii-version\1.1.24\framework\web\CController.php(291): CFilterChain->run()
#16 D:\Bitnami\wampstack-7.3.9-0\apache2\htdocs\yii-version\1.1.24\framework\web\CController.php(265): CController->runActionWithFilters(Object(CInlineAction), Array)
#17 D:\Bitnami\wampstack-7.3.9-0\apache2\htdocs\yii-version\1.1.24\framework\web\CWebApplication.php(282): CController->run('MedicalSlip')
#18 D:\Bitnami\wampstack-7.3.9-0\apache2\htdocs\yii-version\1.1.24\framework\web\CWebApplication.php(141): CWebApplication->runController('Sourceagent/Med...')
#19 D:\Bitnami\wampstack-7.3.9-0\apache2\htdocs\yii-version\1.1.24\framework\base\CApplication.php(185): CWebApplication->processRequest()
#20 D:\Bitnami\wampstack-7.3.9-0\apache2\htdocs\fresh\recruit\index.php(19): CApplication->run()
#21 {main}
REQUEST_URI=/fresh/recruit/index.php?r=Sourceagent/MedicalSlip&id=2
HTTP_REFERER=http://localhost:81/fresh/recruit/index.php?r=Sourceagent/Medical
---
2023/04/06 16:09:12 [error] [exception.CException] CException: Property "Worker.homeaddress" is not defined. in D:\Bitnami\wampstack-7.3.9-0\apache2\htdocs\yii-version\1.1.24\framework\base\CComponent.php:130
Stack trace:
#0 D:\Bitnami\wampstack-7.3.9-0\apache2\htdocs\yii-version\1.1.24\framework\db\ar\CActiveRecord.php(145): CComponent->__get('homeaddress')
#1 D:\Bitnami\wampstack-7.3.9-0\apache2\htdocs\fresh\recruit\protected\controllers\AjaxController.php(832): CActiveRecord->__get('homeaddress')
#2 D:\Bitnami\wampstack-7.3.9-0\apache2\htdocs\yii-version\1.1.24\framework\web\actions\CInlineAction.php(49): AjaxController->actionAjaxMedicalUpdate()
#3 D:\Bitnami\wampstack-7.3.9-0\apache2\htdocs\yii-version\1.1.24\framework\web\CController.php(308): CInlineAction->runWithParams(Array)
#4 D:\Bitnami\wampstack-7.3.9-0\apache2\htdocs\yii-version\1.1.24\framework\web\filters\CFilterChain.php(134): CController->runAction(Object(CInlineAction))
#5 D:\Bitnami\wampstack-7.3.9-0\apache2\htdocs\yii-version\1.1.24\framework\web\filters\CFilter.php(40): CFilterChain->run()
#6 D:\Bitnami\wampstack-7.3.9-0\apache2\htdocs\yii-version\1.1.24\framework\web\CController.php(1148): CFilter->filter(Object(CFilterChain))
#7 D:\Bitnami\wampstack-7.3.9-0\apache2\htdocs\yii-version\1.1.24\framework\web\filters\CInlineFilter.php(58): CController->filterAccessControl(Object(CFilterChain))
#8 D:\Bitnami\wampstack-7.3.9-0\apache2\htdocs\yii-version\1.1.24\framework\web\filters\CFilterChain.php(131): CInlineFilter->filter(Object(CFilterChain))
#9 D:\Bitnami\wampstack-7.3.9-0\apache2\htdocs\yii-version\1.1.24\framework\web\CController.php(291): CFilterChain->run()
#10 D:\Bitnami\wampstack-7.3.9-0\apache2\htdocs\yii-version\1.1.24\framework\web\CController.php(265): CController->runActionWithFilters(Object(CInlineAction), Array)
#11 D:\Bitnami\wampstack-7.3.9-0\apache2\htdocs\yii-version\1.1.24\framework\web\CWebApplication.php(282): CController->run('AjaxMedicalUpda...')
#12 D:\Bitnami\wampstack-7.3.9-0\apache2\htdocs\yii-version\1.1.24\framework\web\CWebApplication.php(141): CWebApplication->runController('Ajax/AjaxMedica...')
#13 D:\Bitnami\wampstack-7.3.9-0\apache2\htdocs\yii-version\1.1.24\framework\base\CApplication.php(185): CWebApplication->processRequest()
#14 D:\Bitnami\wampstack-7.3.9-0\apache2\htdocs\fresh\recruit\index.php(19): CApplication->run()
#15 {main}
REQUEST_URI=/fresh/recruit/index.php?r=Ajax/AjaxMedicalUpdate
HTTP_REFERER=http://localhost:81/fresh/recruit/index.php?r=Sourceagent/Medical
---
2023/04/06 16:10:03 [error] [exception.CException] CException: Property "Worker.homeaddress" is not defined. in D:\Bitnami\wampstack-7.3.9-0\apache2\htdocs\yii-version\1.1.24\framework\base\CComponent.php:130
Stack trace:
#0 D:\Bitnami\wampstack-7.3.9-0\apache2\htdocs\yii-version\1.1.24\framework\db\ar\CActiveRecord.php(145): CComponent->__get('homeaddress')
#1 D:\Bitnami\wampstack-7.3.9-0\apache2\htdocs\fresh\recruit\protected\controllers\AjaxController.php(832): CActiveRecord->__get('homeaddress')
#2 D:\Bitnami\wampstack-7.3.9-0\apache2\htdocs\yii-version\1.1.24\framework\web\actions\CInlineAction.php(49): AjaxController->actionAjaxMedicalUpdate()
#3 D:\Bitnami\wampstack-7.3.9-0\apache2\htdocs\yii-version\1.1.24\framework\web\CController.php(308): CInlineAction->runWithParams(Array)
#4 D:\Bitnami\wampstack-7.3.9-0\apache2\htdocs\yii-version\1.1.24\framework\web\filters\CFilterChain.php(134): CController->runAction(Object(CInlineAction))
#5 D:\Bitnami\wampstack-7.3.9-0\apache2\htdocs\yii-version\1.1.24\framework\web\filters\CFilter.php(40): CFilterChain->run()
#6 D:\Bitnami\wampstack-7.3.9-0\apache2\htdocs\yii-version\1.1.24\framework\web\CController.php(1148): CFilter->filter(Object(CFilterChain))
#7 D:\Bitnami\wampstack-7.3.9-0\apache2\htdocs\yii-version\1.1.24\framework\web\filters\CInlineFilter.php(58): CController->filterAccessControl(Object(CFilterChain))
#8 D:\Bitnami\wampstack-7.3.9-0\apache2\htdocs\yii-version\1.1.24\framework\web\filters\CFilterChain.php(131): CInlineFilter->filter(Object(CFilterChain))
#9 D:\Bitnami\wampstack-7.3.9-0\apache2\htdocs\yii-version\1.1.24\framework\web\CController.php(291): CFilterChain->run()
#10 D:\Bitnami\wampstack-7.3.9-0\apache2\htdocs\yii-version\1.1.24\framework\web\CController.php(265): CController->runActionWithFilters(Object(CInlineAction), Array)
#11 D:\Bitnami\wampstack-7.3.9-0\apache2\htdocs\yii-version\1.1.24\framework\web\CWebApplication.php(282): CController->run('AjaxMedicalUpda...')
#12 D:\Bitnami\wampstack-7.3.9-0\apache2\htdocs\yii-version\1.1.24\framework\web\CWebApplication.php(141): CWebApplication->runController('Ajax/AjaxMedica...')
#13 D:\Bitnami\wampstack-7.3.9-0\apache2\htdocs\yii-version\1.1.24\framework\base\CApplication.php(185): CWebApplication->processRequest()
#14 D:\Bitnami\wampstack-7.3.9-0\apache2\htdocs\fresh\recruit\index.php(19): CApplication->run()
#15 {main}
REQUEST_URI=/fresh/recruit/index.php?r=Ajax/AjaxMedicalUpdate
HTTP_REFERER=http://localhost:81/fresh/recruit/index.php?r=Sourceagent/Medical
---
2023/04/06 16:13:28 [error] [exception.CException] CException: Property "MedicalApplicant.nextofkin" is not defined. in D:\Bitnami\wampstack-7.3.9-0\apache2\htdocs\yii-version\1.1.24\framework\base\CComponent.php:130
Stack trace:
#0 D:\Bitnami\wampstack-7.3.9-0\apache2\htdocs\yii-version\1.1.24\framework\db\ar\CActiveRecord.php(145): CComponent->__get('nextofkin')
#1 D:\Bitnami\wampstack-7.3.9-0\apache2\htdocs\fresh\recruit\protected\controllers\AjaxController.php(888): CActiveRecord->__get('nextofkin')
#2 D:\Bitnami\wampstack-7.3.9-0\apache2\htdocs\yii-version\1.1.24\framework\web\actions\CInlineAction.php(49): AjaxController->actionAjaxMedicalUpdate()
#3 D:\Bitnami\wampstack-7.3.9-0\apache2\htdocs\yii-version\1.1.24\framework\web\CController.php(308): CInlineAction->runWithParams(Array)
#4 D:\Bitnami\wampstack-7.3.9-0\apache2\htdocs\yii-version\1.1.24\framework\web\filters\CFilterChain.php(134): CController->runAction(Object(CInlineAction))
#5 D:\Bitnami\wampstack-7.3.9-0\apache2\htdocs\yii-version\1.1.24\framework\web\filters\CFilter.php(40): CFilterChain->run()
#6 D:\Bitnami\wampstack-7.3.9-0\apache2\htdocs\yii-version\1.1.24\framework\web\CController.php(1148): CFilter->filter(Object(CFilterChain))
#7 D:\Bitnami\wampstack-7.3.9-0\apache2\htdocs\yii-version\1.1.24\framework\web\filters\CInlineFilter.php(58): CController->filterAccessControl(Object(CFilterChain))
#8 D:\Bitnami\wampstack-7.3.9-0\apache2\htdocs\yii-version\1.1.24\framework\web\filters\CFilterChain.php(131): CInlineFilter->filter(Object(CFilterChain))
#9 D:\Bitnami\wampstack-7.3.9-0\apache2\htdocs\yii-version\1.1.24\framework\web\CController.php(291): CFilterChain->run()
#10 D:\Bitnami\wampstack-7.3.9-0\apache2\htdocs\yii-version\1.1.24\framework\web\CController.php(265): CController->runActionWithFilters(Object(CInlineAction), Array)
#11 D:\Bitnami\wampstack-7.3.9-0\apache2\htdocs\yii-version\1.1.24\framework\web\CWebApplication.php(282): CController->run('AjaxMedicalUpda...')
#12 D:\Bitnami\wampstack-7.3.9-0\apache2\htdocs\yii-version\1.1.24\framework\web\CWebApplication.php(141): CWebApplication->runController('Ajax/AjaxMedica...')
#13 D:\Bitnami\wampstack-7.3.9-0\apache2\htdocs\yii-version\1.1.24\framework\base\CApplication.php(185): CWebApplication->processRequest()
#14 D:\Bitnami\wampstack-7.3.9-0\apache2\htdocs\fresh\recruit\index.php(19): CApplication->run()
#15 {main}
REQUEST_URI=/fresh/recruit/index.php?r=Ajax/AjaxMedicalUpdate
HTTP_REFERER=http://localhost:81/fresh/recruit/index.php?r=Sourceagent/Medical
---
2023/04/07 14:00:26 [error] [exception.CHttpException.400] CHttpException: Your request is invalid. in D:\Bitnami\wampstack-7.3.9-0\apache2\htdocs\yii-version\1.1.24\framework\web\CController.php:337
Stack trace:
#0 D:\Bitnami\wampstack-7.3.9-0\apache2\htdocs\yii-version\1.1.24\framework\web\CController.php(309): CController->invalidActionParams(Object(CInlineAction))
#1 D:\Bitnami\wampstack-7.3.9-0\apache2\htdocs\yii-version\1.1.24\framework\web\CController.php(286): CController->runAction(Object(CInlineAction))
#2 D:\Bitnami\wampstack-7.3.9-0\apache2\htdocs\yii-version\1.1.24\framework\web\CController.php(265): CController->runActionWithFilters(Object(CInlineAction), Array)
#3 D:\Bitnami\wampstack-7.3.9-0\apache2\htdocs\yii-version\1.1.24\framework\web\CWebApplication.php(282): CController->run('ScanQR')
#4 D:\Bitnami\wampstack-7.3.9-0\apache2\htdocs\yii-version\1.1.24\framework\web\CWebApplication.php(141): CWebApplication->runController('Site/ScanQR')
#5 D:\Bitnami\wampstack-7.3.9-0\apache2\htdocs\yii-version\1.1.24\framework\base\CApplication.php(185): CWebApplication->processRequest()
#6 D:\Bitnami\wampstack-7.3.9-0\apache2\htdocs\fresh\recruit\index.php(19): CApplication->run()
#7 {main}
REQUEST_URI=/fresh/recruit/index.php?r=Site/ScanQR
---
2023/04/07 14:01:22 [error] [exception.CHttpException.400] CHttpException: Your request is invalid. in D:\Bitnami\wampstack-7.3.9-0\apache2\htdocs\yii-version\1.1.24\framework\web\CController.php:337
Stack trace:
#0 D:\Bitnami\wampstack-7.3.9-0\apache2\htdocs\yii-version\1.1.24\framework\web\CController.php(309): CController->invalidActionParams(Object(CInlineAction))
#1 D:\Bitnami\wampstack-7.3.9-0\apache2\htdocs\yii-version\1.1.24\framework\web\CController.php(286): CController->runAction(Object(CInlineAction))
#2 D:\Bitnami\wampstack-7.3.9-0\apache2\htdocs\yii-version\1.1.24\framework\web\CController.php(265): CController->runActionWithFilters(Object(CInlineAction), Array)
#3 D:\Bitnami\wampstack-7.3.9-0\apache2\htdocs\yii-version\1.1.24\framework\web\CWebApplication.php(282): CController->run('ScanQR')
#4 D:\Bitnami\wampstack-7.3.9-0\apache2\htdocs\yii-version\1.1.24\framework\web\CWebApplication.php(141): CWebApplication->runController('Site/ScanQR')
#5 D:\Bitnami\wampstack-7.3.9-0\apache2\htdocs\yii-version\1.1.24\framework\base\CApplication.php(185): CWebApplication->processRequest()
#6 D:\Bitnami\wampstack-7.3.9-0\apache2\htdocs\fresh\recruit\index.php(19): CApplication->run()
#7 {main}
REQUEST_URI=/fresh/recruit/index.php?r=Site/ScanQR
---
2023/04/07 14:21:17 [error] [exception.CHttpException.400] CHttpException: Your request is invalid. in D:\Bitnami\wampstack-7.3.9-0\apache2\htdocs\yii-version\1.1.24\framework\web\CController.php:337
Stack trace:
#0 D:\Bitnami\wampstack-7.3.9-0\apache2\htdocs\yii-version\1.1.24\framework\web\CController.php(309): CController->invalidActionParams(Object(CInlineAction))
#1 D:\Bitnami\wampstack-7.3.9-0\apache2\htdocs\yii-version\1.1.24\framework\web\CController.php(286): CController->runAction(Object(CInlineAction))
#2 D:\Bitnami\wampstack-7.3.9-0\apache2\htdocs\yii-version\1.1.24\framework\web\CController.php(265): CController->runActionWithFilters(Object(CInlineAction), Array)
#3 D:\Bitnami\wampstack-7.3.9-0\apache2\htdocs\yii-version\1.1.24\framework\web\CWebApplication.php(282): CController->run('ScanQR')
#4 D:\Bitnami\wampstack-7.3.9-0\apache2\htdocs\yii-version\1.1.24\framework\web\CWebApplication.php(141): CWebApplication->runController('Site/ScanQR')
#5 D:\Bitnami\wampstack-7.3.9-0\apache2\htdocs\yii-version\1.1.24\framework\base\CApplication.php(185): CWebApplication->processRequest()
#6 D:\Bitnami\wampstack-7.3.9-0\apache2\htdocs\fresh\recruit\index.php(19): CApplication->run()
#7 {main}
REQUEST_URI=/fresh/recruit/index.php?r=Site/ScanQR
---
2023/04/07 14:21:29 [error] [exception.CHttpException.400] CHttpException: Your request is invalid. in D:\Bitnami\wampstack-7.3.9-0\apache2\htdocs\yii-version\1.1.24\framework\web\CController.php:337
Stack trace:
#0 D:\Bitnami\wampstack-7.3.9-0\apache2\htdocs\yii-version\1.1.24\framework\web\CController.php(309): CController->invalidActionParams(Object(CInlineAction))
#1 D:\Bitnami\wampstack-7.3.9-0\apache2\htdocs\yii-version\1.1.24\framework\web\CController.php(286): CController->runAction(Object(CInlineAction))
#2 D:\Bitnami\wampstack-7.3.9-0\apache2\htdocs\yii-version\1.1.24\framework\web\CController.php(265): CController->runActionWithFilters(Object(CInlineAction), Array)
#3 D:\Bitnami\wampstack-7.3.9-0\apache2\htdocs\yii-version\1.1.24\framework\web\CWebApplication.php(282): CController->run('ScanQR')
#4 D:\Bitnami\wampstack-7.3.9-0\apache2\htdocs\yii-version\1.1.24\framework\web\CWebApplication.php(141): CWebApplication->runController('Site/ScanQR')
#5 D:\Bitnami\wampstack-7.3.9-0\apache2\htdocs\yii-version\1.1.24\framework\base\CApplication.php(185): CWebApplication->processRequest()
#6 D:\Bitnami\wampstack-7.3.9-0\apache2\htdocs\fresh\recruit\index.php(19): CApplication->run()
#7 {main}
REQUEST_URI=/fresh/recruit/index.php?r=Site/ScanQR
---
