2021/08/11 05:35:47 [error] [exception.CHttpException.404] CHttpException: Unable to resolve the request "968". in /var/www/html/yii/framework/web/CWebApplication.php:286
Stack trace:
#0 /var/www/html/yii/framework/web/CWebApplication.php(141): CWebApplication->runController('968')
#1 /var/www/html/yii/framework/base/CApplication.php(185): CWebApplication->processRequest()
#2 /var/www/e-bfbms.com/html/visaft/index.php(14): CApplication->run()
#3 {main}
REQUEST_URI=/visaft/index.php?r=968
---
2021/09/03 10:29:15 [error] [exception.CHttpException.404] CHttpException: Unable to resolve the request ""><script>alert('OPENBUGBOUNTY')</script>/CheckStatus". in /var/www/html/yii/framework/web/CWebApplication.php:286
Stack trace:
#0 /var/www/html/yii/framework/web/CWebApplication.php(141): CWebApplication->runController('"><script>alert...')
#1 /var/www/html/yii/framework/base/CApplication.php(185): CWebApplication->processRequest()
#2 /var/www/e-bfbms.com/html/visaft/index.php(14): CApplication->run()
#3 {main}
REQUEST_URI=/visaft/index.php?r=%22%3E%3Cscript%3Ealert(%27OPENBUGBOUNTY%27)%3C/script%3E/CheckStatus
---
2021/09/14 17:22:01 [error] [exception.CHttpException.404] CHttpException: The system is unable to find the requested action "Login'". in /var/www/html/yii/framework/web/CController.php:486
Stack trace:
#0 /var/www/html/yii/framework/web/CController.php(270): CController->missingAction('Login'')
#1 /var/www/html/yii/framework/web/CWebApplication.php(282): CController->run('Login'')
#2 /var/www/html/yii/framework/web/CWebApplication.php(141): CWebApplication->runController('Site/Login'')
#3 /var/www/html/yii/framework/base/CApplication.php(185): CWebApplication->processRequest()
#4 /var/www/e-bfbms.com/html/visaft/index.php(14): CApplication->run()
#5 {main}
REQUEST_URI=/visaft/index.php?r=Site/Login'
---
2021/09/24 10:34:15 [error] [exception.CHttpException.404] CHttpException: The system is unable to find the requested action "CheckStatus'A=0". in /var/www/html/yii/framework/web/CController.php:486
Stack trace:
#0 /var/www/html/yii/framework/web/CController.php(270): CController->missingAction('CheckStatus'A=0')
#1 /var/www/html/yii/framework/web/CWebApplication.php(282): CController->run('CheckStatus'A=0')
#2 /var/www/html/yii/framework/web/CWebApplication.php(141): CWebApplication->runController('Site/CheckStatu...')
#3 /var/www/html/yii/framework/base/CApplication.php(185): CWebApplication->processRequest()
#4 /var/www/e-bfbms.com/html/visaft/index.php(14): CApplication->run()
#5 {main}
REQUEST_URI=/visaft/index.php?r=Site/CheckStatus'A=0
HTTP_REFERER=https://e-bfbms.com/visaft/index.php?r=Site/CheckStatus'A=0
---
2022/01/10 06:24:22 [error] [exception.CHttpException.400] CHttpException: Authentication token is not activated. in D:\Bitnami\wampstack-7.3.9-0\apache2\htdocs\demo\visaft\protected\components\UserIdentity.php:43
Stack trace:
#0 D:\Bitnami\wampstack-7.3.9-0\apache2\htdocs\demo\visaft\protected\models\LoginForm.php(51): UserIdentity->authenticate()
#1 D:\Bitnami\wampstack-7.3.9-0\apache2\htdocs\yii-version\1.1.24\framework\validators\CInlineValidator.php(42): LoginForm->authenticate('password', Array)
#2 D:\Bitnami\wampstack-7.3.9-0\apache2\htdocs\yii-version\1.1.24\framework\validators\CValidator.php(201): CInlineValidator->validateAttribute(Object(LoginForm), 'password')
#3 D:\Bitnami\wampstack-7.3.9-0\apache2\htdocs\yii-version\1.1.24\framework\base\CModel.php(159): CValidator->validate(Object(LoginForm), Array)
#4 D:\Bitnami\wampstack-7.3.9-0\apache2\htdocs\demo\visaft\protected\controllers\SiteController.php(55): CModel->validate()
#5 D:\Bitnami\wampstack-7.3.9-0\apache2\htdocs\yii-version\1.1.24\framework\web\actions\CInlineAction.php(49): SiteController->actionLogin()
#6 D:\Bitnami\wampstack-7.3.9-0\apache2\htdocs\yii-version\1.1.24\framework\web\CController.php(308): CInlineAction->runWithParams(Array)
#7 D:\Bitnami\wampstack-7.3.9-0\apache2\htdocs\yii-version\1.1.24\framework\web\CController.php(286): CController->runAction(Object(CInlineAction))
#8 D:\Bitnami\wampstack-7.3.9-0\apache2\htdocs\yii-version\1.1.24\framework\web\CController.php(265): CController->runActionWithFilters(Object(CInlineAction), Array)
#9 D:\Bitnami\wampstack-7.3.9-0\apache2\htdocs\yii-version\1.1.24\framework\web\CWebApplication.php(282): CController->run('Login')
#10 D:\Bitnami\wampstack-7.3.9-0\apache2\htdocs\yii-version\1.1.24\framework\web\CWebApplication.php(141): CWebApplication->runController('Site/Login')
#11 D:\Bitnami\wampstack-7.3.9-0\apache2\htdocs\yii-version\1.1.24\framework\base\CApplication.php(185): CWebApplication->processRequest()
#12 D:\Bitnami\wampstack-7.3.9-0\apache2\htdocs\demo\visaft\index.php(15): CApplication->run()
#13 {main}
REQUEST_URI=/demo/visaft/index.php?r=Site/Login
HTTP_REFERER=http://localhost:81/demo/visaft/index.php?r=Site/Login
---
2022/01/10 19:28:07 [error] [exception.CException] CException: CAssetManager.basePath "/var/www/e-bfbms.com/html/demo/visaft/assets" is invalid. Please make sure the directory exists and is writable by the Web server process. in /var/www/html/yii/framework/web/CAssetManager.php:138
Stack trace:
#0 /var/www/html/yii/framework/web/CAssetManager.php(123): CAssetManager->setBasePath('/var/www/e-bfbm...')
#1 /var/www/html/yii/framework/web/CAssetManager.php(217): CAssetManager->getBasePath()
#2 /var/www/html/yii/framework/web/CClientScript.php(511): CAssetManager->publish('/var/www/html/y...')
#3 /var/www/html/yii/framework/web/CClientScript.php(548): CClientScript->getCoreScriptUrl()
#4 /var/www/html/yii/framework/web/CClientScript.php(349): CClientScript->getPackageBaseUrl('jquery')
#5 /var/www/html/yii/framework/web/CClientScript.php(208): CClientScript->renderCoreScripts()
#6 /var/www/html/yii/framework/web/CController.php(352): CClientScript->render('<!DOCTYPE html>...')
#7 /var/www/html/yii/framework/web/CController.php(791): CController->processOutput('<!DOCTYPE html>...')
#8 /var/www/e-bfbms.com/html/demo/visaft/protected/controllers/SiteController.php(60): CController->render('login', Array)
#9 /var/www/html/yii/framework/web/actions/CInlineAction.php(49): SiteController->actionLogin()
#10 /var/www/html/yii/framework/web/CController.php(308): CInlineAction->runWithParams(Array)
#11 /var/www/html/yii/framework/web/CController.php(286): CController->runAction(Object(CInlineAction))
#12 /var/www/html/yii/framework/web/CController.php(265): CController->runActionWithFilters(Object(CInlineAction), Array)
#13 /var/www/html/yii/framework/web/CWebApplication.php(282): CController->run('Login')
#14 /var/www/html/yii/framework/web/CWebApplication.php(141): CWebApplication->runController('Site/Login')
#15 /var/www/html/yii/framework/base/CApplication.php(185): CWebApplication->processRequest()
#16 /var/www/e-bfbms.com/html/demo/visaft/index.php(15): CApplication->run()
#17 {main}
REQUEST_URI=/demo/visaft/index.php?r=Site/Login
HTTP_REFERER=https://e-bfbms.com/demo/visaft/index.php?r=Site/Login
---
2022/01/10 19:28:44 [error] [system.db.CDbCommand] CDbCommand::execute() failed: SQLSTATE[HY000]: General error: 1364 Field 'id' doesn't have a default value. The SQL statement executed was: INSERT INTO `passportscans` (`applicant_id`, `batch_id`, `passport_number`, `user_id`, `branch_id`, `admin_id`, `status_id`, `scanned_date`, `result_id`, `created_at`, `created_by`) VALUES (:yp0, :yp1, :yp2, :yp3, :yp4, :yp5, :yp6, :yp7, :yp8, :yp9, :yp10).
in /var/www/e-bfbms.com/html/demo/visaft/protected/controllers/BranchController.php (858)
in /var/www/e-bfbms.com/html/demo/visaft/index.php (15)
2022/01/10 19:28:44 [error] [exception.CDbException] CDbException: CDbCommand failed to execute the SQL statement: SQLSTATE[HY000]: General error: 1364 Field 'id' doesn't have a default value. The SQL statement executed was: INSERT INTO `passportscans` (`applicant_id`, `batch_id`, `passport_number`, `user_id`, `branch_id`, `admin_id`, `status_id`, `scanned_date`, `result_id`, `created_at`, `created_by`) VALUES (:yp0, :yp1, :yp2, :yp3, :yp4, :yp5, :yp6, :yp7, :yp8, :yp9, :yp10) in /var/www/html/yii/framework/db/CDbCommand.php:358
Stack trace:
#0 /var/www/html/yii/framework/db/ar/CActiveRecord.php(1083): CDbCommand->execute()
#1 /var/www/html/yii/framework/db/ar/CActiveRecord.php(811): CActiveRecord->insert(NULL)
#2 /var/www/e-bfbms.com/html/demo/visaft/protected/controllers/BranchController.php(858): CActiveRecord->save()
#3 /var/www/html/yii/framework/web/actions/CInlineAction.php(49): BranchController->actionAjaxAdminDeliver()
#4 /var/www/html/yii/framework/web/CController.php(308): CInlineAction->runWithParams(Array)
#5 /var/www/html/yii/framework/web/filters/CFilterChain.php(134): CController->runAction(Object(CInlineAction))
#6 /var/www/html/yii/framework/web/filters/CFilter.php(40): CFilterChain->run()
#7 /var/www/html/yii/framework/web/CController.php(1148): CFilter->filter(Object(CFilterChain))
#8 /var/www/html/yii/framework/web/filters/CInlineFilter.php(58): CController->filterAccessControl(Object(CFilterChain))
#9 /var/www/html/yii/framework/web/filters/CFilterChain.php(131): CInlineFilter->filter(Object(CFilterChain))
#10 /var/www/html/yii/framework/web/CController.php(291): CFilterChain->run()
#11 /var/www/html/yii/framework/web/CController.php(265): CController->runActionWithFilters(Object(CInlineAction), Array)
#12 /var/www/html/yii/framework/web/CWebApplication.php(282): CController->run('AjaxAdminDelive...')
#13 /var/www/html/yii/framework/web/CWebApplication.php(141): CWebApplication->runController('Branch/AjaxAdmi...')
#14 /var/www/html/yii/framework/base/CApplication.php(185): CWebApplication->processRequest()
#15 /var/www/e-bfbms.com/html/demo/visaft/index.php(15): CApplication->run()
#16 {main}
REQUEST_URI=/demo/visaft/index.php?r=Branch/AjaxAdminDeliver
HTTP_REFERER=https://e-bfbms.com/demo/visaft/index.php?r=Branch/ApplicationBatch&id=1
---
2022/01/10 19:28:53 [error] [system.db.CDbCommand] CDbCommand::execute() failed: SQLSTATE[HY000]: General error: 1364 Field 'id' doesn't have a default value. The SQL statement executed was: INSERT INTO `passportscans` (`applicant_id`, `batch_id`, `passport_number`, `user_id`, `branch_id`, `admin_id`, `status_id`, `scanned_date`, `result_id`, `created_at`, `created_by`) VALUES (:yp0, :yp1, :yp2, :yp3, :yp4, :yp5, :yp6, :yp7, :yp8, :yp9, :yp10).
in /var/www/e-bfbms.com/html/demo/visaft/protected/controllers/BranchController.php (858)
in /var/www/e-bfbms.com/html/demo/visaft/index.php (15)
2022/01/10 19:28:53 [error] [exception.CDbException] CDbException: CDbCommand failed to execute the SQL statement: SQLSTATE[HY000]: General error: 1364 Field 'id' doesn't have a default value. The SQL statement executed was: INSERT INTO `passportscans` (`applicant_id`, `batch_id`, `passport_number`, `user_id`, `branch_id`, `admin_id`, `status_id`, `scanned_date`, `result_id`, `created_at`, `created_by`) VALUES (:yp0, :yp1, :yp2, :yp3, :yp4, :yp5, :yp6, :yp7, :yp8, :yp9, :yp10) in /var/www/html/yii/framework/db/CDbCommand.php:358
Stack trace:
#0 /var/www/html/yii/framework/db/ar/CActiveRecord.php(1083): CDbCommand->execute()
#1 /var/www/html/yii/framework/db/ar/CActiveRecord.php(811): CActiveRecord->insert(NULL)
#2 /var/www/e-bfbms.com/html/demo/visaft/protected/controllers/BranchController.php(858): CActiveRecord->save()
#3 /var/www/html/yii/framework/web/actions/CInlineAction.php(49): BranchController->actionAjaxAdminDeliver()
#4 /var/www/html/yii/framework/web/CController.php(308): CInlineAction->runWithParams(Array)
#5 /var/www/html/yii/framework/web/filters/CFilterChain.php(134): CController->runAction(Object(CInlineAction))
#6 /var/www/html/yii/framework/web/filters/CFilter.php(40): CFilterChain->run()
#7 /var/www/html/yii/framework/web/CController.php(1148): CFilter->filter(Object(CFilterChain))
#8 /var/www/html/yii/framework/web/filters/CInlineFilter.php(58): CController->filterAccessControl(Object(CFilterChain))
#9 /var/www/html/yii/framework/web/filters/CFilterChain.php(131): CInlineFilter->filter(Object(CFilterChain))
#10 /var/www/html/yii/framework/web/CController.php(291): CFilterChain->run()
#11 /var/www/html/yii/framework/web/CController.php(265): CController->runActionWithFilters(Object(CInlineAction), Array)
#12 /var/www/html/yii/framework/web/CWebApplication.php(282): CController->run('AjaxAdminDelive...')
#13 /var/www/html/yii/framework/web/CWebApplication.php(141): CWebApplication->runController('Branch/AjaxAdmi...')
#14 /var/www/html/yii/framework/base/CApplication.php(185): CWebApplication->processRequest()
#15 /var/www/e-bfbms.com/html/demo/visaft/index.php(15): CApplication->run()
#16 {main}
REQUEST_URI=/demo/visaft/index.php?r=Branch/AjaxAdminDeliver
HTTP_REFERER=https://e-bfbms.com/demo/visaft/index.php?r=Branch/ApplicationBatch&id=1
---
2022/01/11 08:18:41 [error] [exception.CException] CException: CAssetManager.basePath "/var/www/e-bfbms.com/html/demo/visaft/assets" is invalid. Please make sure the directory exists and is writable by the Web server process. in /var/www/html/yii/framework/web/CAssetManager.php:138
Stack trace:
#0 /var/www/html/yii/framework/web/CAssetManager.php(123): CAssetManager->setBasePath('/var/www/e-bfbm...')
#1 /var/www/html/yii/framework/web/CAssetManager.php(217): CAssetManager->getBasePath()
#2 /var/www/html/yii/framework/web/CClientScript.php(511): CAssetManager->publish('/var/www/html/y...')
#3 /var/www/html/yii/framework/web/CClientScript.php(548): CClientScript->getCoreScriptUrl()
#4 /var/www/html/yii/framework/web/CClientScript.php(349): CClientScript->getPackageBaseUrl('jquery')
#5 /var/www/html/yii/framework/web/CClientScript.php(208): CClientScript->renderCoreScripts()
#6 /var/www/html/yii/framework/web/CController.php(352): CClientScript->render('<!DOCTYPE html>...')
#7 /var/www/html/yii/framework/web/CController.php(791): CController->processOutput('<!DOCTYPE html>...')
#8 /var/www/e-bfbms.com/html/demo/visaft/protected/controllers/SiteController.php(60): CController->render('login', Array)
#9 /var/www/html/yii/framework/web/actions/CInlineAction.php(49): SiteController->actionLogin()
#10 /var/www/html/yii/framework/web/CController.php(308): CInlineAction->runWithParams(Array)
#11 /var/www/html/yii/framework/web/CController.php(286): CController->runAction(Object(CInlineAction))
#12 /var/www/html/yii/framework/web/CController.php(265): CController->runActionWithFilters(Object(CInlineAction), Array)
#13 /var/www/html/yii/framework/web/CWebApplication.php(282): CController->run('Login')
#14 /var/www/html/yii/framework/web/CWebApplication.php(141): CWebApplication->runController('Site/Login')
#15 /var/www/html/yii/framework/base/CApplication.php(185): CWebApplication->processRequest()
#16 /var/www/e-bfbms.com/html/demo/visaft/index.php(15): CApplication->run()
#17 {main}
REQUEST_URI=/demo/visaft/index.php?r=Site/Login
HTTP_REFERER=https://e-bfbms.com/demo/visaft/index.php?r=Site/Login
---
2022/01/11 08:18:53 [error] [exception.CException] CException: CAssetManager.basePath "/var/www/e-bfbms.com/html/demo/visaft/assets" is invalid. Please make sure the directory exists and is writable by the Web server process. in /var/www/html/yii/framework/web/CAssetManager.php:138
Stack trace:
#0 /var/www/html/yii/framework/web/CAssetManager.php(123): CAssetManager->setBasePath('/var/www/e-bfbm...')
#1 /var/www/html/yii/framework/web/CAssetManager.php(217): CAssetManager->getBasePath()
#2 /var/www/html/yii/framework/web/CClientScript.php(511): CAssetManager->publish('/var/www/html/y...')
#3 /var/www/html/yii/framework/web/CClientScript.php(548): CClientScript->getCoreScriptUrl()
#4 /var/www/html/yii/framework/web/CClientScript.php(349): CClientScript->getPackageBaseUrl('jquery')
#5 /var/www/html/yii/framework/web/CClientScript.php(208): CClientScript->renderCoreScripts()
#6 /var/www/html/yii/framework/web/CController.php(352): CClientScript->render('<!DOCTYPE html>...')
#7 /var/www/html/yii/framework/web/CController.php(791): CController->processOutput('<!DOCTYPE html>...')
#8 /var/www/e-bfbms.com/html/demo/visaft/protected/controllers/SiteController.php(60): CController->render('login', Array)
#9 /var/www/html/yii/framework/web/actions/CInlineAction.php(49): SiteController->actionLogin()
#10 /var/www/html/yii/framework/web/CController.php(308): CInlineAction->runWithParams(Array)
#11 /var/www/html/yii/framework/web/CController.php(286): CController->runAction(Object(CInlineAction))
#12 /var/www/html/yii/framework/web/CController.php(265): CController->runActionWithFilters(Object(CInlineAction), Array)
#13 /var/www/html/yii/framework/web/CWebApplication.php(282): CController->run('Login')
#14 /var/www/html/yii/framework/web/CWebApplication.php(141): CWebApplication->runController('Site/Login')
#15 /var/www/html/yii/framework/base/CApplication.php(185): CWebApplication->processRequest()
#16 /var/www/e-bfbms.com/html/demo/visaft/index.php(15): CApplication->run()
#17 {main}
REQUEST_URI=/demo/visaft/index.php?r=Site/Login
HTTP_REFERER=https://e-bfbms.com/demo/visaft/index.php?r=Site/Login
---
2022/07/13 21:04:36 [error] [php] Division by zero (D:\Bitnami\wampstack-7.3.9-0\apache2\htdocs\demo\visaft\protected\models\Passportscan.php:440)
Stack trace:
#0 D:\Bitnami\wampstack-7.3.9-0\apache2\htdocs\demo\visaft\protected\controllers\AdminController.php(59): statTrackingByAdmin()
#1 D:\Bitnami\wampstack-7.3.9-0\apache2\htdocs\yii-version\1.1.24\framework\web\actions\CInlineAction.php(49): AdminController->actionDashboard()
#2 D:\Bitnami\wampstack-7.3.9-0\apache2\htdocs\yii-version\1.1.24\framework\web\CController.php(308): CInlineAction->runWithParams()
#3 D:\Bitnami\wampstack-7.3.9-0\apache2\htdocs\yii-version\1.1.24\framework\web\filters\CFilterChain.php(134): AdminController->runAction()
#4 D:\Bitnami\wampstack-7.3.9-0\apache2\htdocs\yii-version\1.1.24\framework\web\filters\CFilter.php(40): CFilterChain->run()
#5 D:\Bitnami\wampstack-7.3.9-0\apache2\htdocs\yii-version\1.1.24\framework\web\CController.php(1148): CAccessControlFilter->filter()
#6 D:\Bitnami\wampstack-7.3.9-0\apache2\htdocs\yii-version\1.1.24\framework\web\filters\CInlineFilter.php(58): AdminController->filterAccessControl()
#7 D:\Bitnami\wampstack-7.3.9-0\apache2\htdocs\yii-version\1.1.24\framework\web\filters\CFilterChain.php(131): CInlineFilter->filter()
#8 D:\Bitnami\wampstack-7.3.9-0\apache2\htdocs\yii-version\1.1.24\framework\web\CController.php(291): CFilterChain->run()
#9 D:\Bitnami\wampstack-7.3.9-0\apache2\htdocs\yii-version\1.1.24\framework\web\CController.php(265): AdminController->runActionWithFilters()
#10 D:\Bitnami\wampstack-7.3.9-0\apache2\htdocs\yii-version\1.1.24\framework\web\CWebApplication.php(282): AdminController->run()
#11 D:\Bitnami\wampstack-7.3.9-0\apache2\htdocs\yii-version\1.1.24\framework\web\CWebApplication.php(141): CWebApplication->runController()
#12 D:\Bitnami\wampstack-7.3.9-0\apache2\htdocs\yii-version\1.1.24\framework\base\CApplication.php(185): CWebApplication->processRequest()
#13 D:\Bitnami\wampstack-7.3.9-0\apache2\htdocs\demo\visaft\index.php(15): CWebApplication->run()
REQUEST_URI=/demo/visaft/index.php?r=Admin/Dashboard
in D:\Bitnami\wampstack-7.3.9-0\apache2\htdocs\demo\visaft\protected\models\Passportscan.php (440)
in D:\Bitnami\wampstack-7.3.9-0\apache2\htdocs\demo\visaft\protected\controllers\AdminController.php (59)
in D:\Bitnami\wampstack-7.3.9-0\apache2\htdocs\demo\visaft\index.php (15)
2022/07/13 21:05:21 [error] [php] Division by zero (D:\Bitnami\wampstack-7.3.9-0\apache2\htdocs\demo\visaft\protected\models\Passportscan.php:440)
Stack trace:
#0 D:\Bitnami\wampstack-7.3.9-0\apache2\htdocs\demo\visaft\protected\controllers\AdminController.php(59): statTrackingByAdmin()
#1 D:\Bitnami\wampstack-7.3.9-0\apache2\htdocs\yii-version\1.1.24\framework\web\actions\CInlineAction.php(49): AdminController->actionDashboard()
#2 D:\Bitnami\wampstack-7.3.9-0\apache2\htdocs\yii-version\1.1.24\framework\web\CController.php(308): CInlineAction->runWithParams()
#3 D:\Bitnami\wampstack-7.3.9-0\apache2\htdocs\yii-version\1.1.24\framework\web\filters\CFilterChain.php(134): AdminController->runAction()
#4 D:\Bitnami\wampstack-7.3.9-0\apache2\htdocs\yii-version\1.1.24\framework\web\filters\CFilter.php(40): CFilterChain->run()
#5 D:\Bitnami\wampstack-7.3.9-0\apache2\htdocs\yii-version\1.1.24\framework\web\CController.php(1148): CAccessControlFilter->filter()
#6 D:\Bitnami\wampstack-7.3.9-0\apache2\htdocs\yii-version\1.1.24\framework\web\filters\CInlineFilter.php(58): AdminController->filterAccessControl()
#7 D:\Bitnami\wampstack-7.3.9-0\apache2\htdocs\yii-version\1.1.24\framework\web\filters\CFilterChain.php(131): CInlineFilter->filter()
#8 D:\Bitnami\wampstack-7.3.9-0\apache2\htdocs\yii-version\1.1.24\framework\web\CController.php(291): CFilterChain->run()
#9 D:\Bitnami\wampstack-7.3.9-0\apache2\htdocs\yii-version\1.1.24\framework\web\CController.php(265): AdminController->runActionWithFilters()
#10 D:\Bitnami\wampstack-7.3.9-0\apache2\htdocs\yii-version\1.1.24\framework\web\CWebApplication.php(282): AdminController->run()
#11 D:\Bitnami\wampstack-7.3.9-0\apache2\htdocs\yii-version\1.1.24\framework\web\CWebApplication.php(141): CWebApplication->runController()
#12 D:\Bitnami\wampstack-7.3.9-0\apache2\htdocs\yii-version\1.1.24\framework\base\CApplication.php(185): CWebApplication->processRequest()
#13 D:\Bitnami\wampstack-7.3.9-0\apache2\htdocs\demo\visaft\index.php(15): CWebApplication->run()
REQUEST_URI=/demo/visaft/index.php?r=Admin/Dashboard
in D:\Bitnami\wampstack-7.3.9-0\apache2\htdocs\demo\visaft\protected\models\Passportscan.php (440)
in D:\Bitnami\wampstack-7.3.9-0\apache2\htdocs\demo\visaft\protected\controllers\AdminController.php (59)
in D:\Bitnami\wampstack-7.3.9-0\apache2\htdocs\demo\visaft\index.php (15)
2022/07/13 21:05:39 [error] [php] Division by zero (D:\Bitnami\wampstack-7.3.9-0\apache2\htdocs\demo\visaft\protected\models\Passportscan.php:710)
Stack trace:
#0 D:\Bitnami\wampstack-7.3.9-0\apache2\htdocs\demo\visaft\protected\controllers\OscController.php(57): statTrackingByOsc()
#1 D:\Bitnami\wampstack-7.3.9-0\apache2\htdocs\yii-version\1.1.24\framework\web\actions\CInlineAction.php(49): OscController->actionDashboard()
#2 D:\Bitnami\wampstack-7.3.9-0\apache2\htdocs\yii-version\1.1.24\framework\web\CController.php(308): CInlineAction->runWithParams()
#3 D:\Bitnami\wampstack-7.3.9-0\apache2\htdocs\yii-version\1.1.24\framework\web\filters\CFilterChain.php(134): OscController->runAction()
#4 D:\Bitnami\wampstack-7.3.9-0\apache2\htdocs\yii-version\1.1.24\framework\web\filters\CFilter.php(40): CFilterChain->run()
#5 D:\Bitnami\wampstack-7.3.9-0\apache2\htdocs\yii-version\1.1.24\framework\web\CController.php(1148): CAccessControlFilter->filter()
#6 D:\Bitnami\wampstack-7.3.9-0\apache2\htdocs\yii-version\1.1.24\framework\web\filters\CInlineFilter.php(58): OscController->filterAccessControl()
#7 D:\Bitnami\wampstack-7.3.9-0\apache2\htdocs\yii-version\1.1.24\framework\web\filters\CFilterChain.php(131): CInlineFilter->filter()
#8 D:\Bitnami\wampstack-7.3.9-0\apache2\htdocs\yii-version\1.1.24\framework\web\CController.php(291): CFilterChain->run()
#9 D:\Bitnami\wampstack-7.3.9-0\apache2\htdocs\yii-version\1.1.24\framework\web\CController.php(265): OscController->runActionWithFilters()
#10 D:\Bitnami\wampstack-7.3.9-0\apache2\htdocs\yii-version\1.1.24\framework\web\CWebApplication.php(282): OscController->run()
#11 D:\Bitnami\wampstack-7.3.9-0\apache2\htdocs\yii-version\1.1.24\framework\web\CWebApplication.php(141): CWebApplication->runController()
#12 D:\Bitnami\wampstack-7.3.9-0\apache2\htdocs\yii-version\1.1.24\framework\base\CApplication.php(185): CWebApplication->processRequest()
#13 D:\Bitnami\wampstack-7.3.9-0\apache2\htdocs\demo\visaft\index.php(15): CWebApplication->run()
REQUEST_URI=/demo/visaft/index.php?r=Osc/Dashboard
in D:\Bitnami\wampstack-7.3.9-0\apache2\htdocs\demo\visaft\protected\models\Passportscan.php (710)
in D:\Bitnami\wampstack-7.3.9-0\apache2\htdocs\demo\visaft\protected\controllers\OscController.php (57)
in D:\Bitnami\wampstack-7.3.9-0\apache2\htdocs\demo\visaft\index.php (15)
2022/07/13 21:07:39 [error] [php] Division by zero (D:\Bitnami\wampstack-7.3.9-0\apache2\htdocs\demo\visaft\protected\models\Passportscan.php:710)
Stack trace:
#0 D:\Bitnami\wampstack-7.3.9-0\apache2\htdocs\demo\visaft\protected\controllers\HighcommController.php(57): statTrackingByOsc()
#1 D:\Bitnami\wampstack-7.3.9-0\apache2\htdocs\yii-version\1.1.24\framework\web\actions\CInlineAction.php(49): HighcommController->actionDashboard()
#2 D:\Bitnami\wampstack-7.3.9-0\apache2\htdocs\yii-version\1.1.24\framework\web\CController.php(308): CInlineAction->runWithParams()
#3 D:\Bitnami\wampstack-7.3.9-0\apache2\htdocs\yii-version\1.1.24\framework\web\filters\CFilterChain.php(134): HighcommController->runAction()
#4 D:\Bitnami\wampstack-7.3.9-0\apache2\htdocs\yii-version\1.1.24\framework\web\filters\CFilter.php(40): CFilterChain->run()
#5 D:\Bitnami\wampstack-7.3.9-0\apache2\htdocs\yii-version\1.1.24\framework\web\CController.php(1148): CAccessControlFilter->filter()
#6 D:\Bitnami\wampstack-7.3.9-0\apache2\htdocs\yii-version\1.1.24\framework\web\filters\CInlineFilter.php(58): HighcommController->filterAccessControl()
#7 D:\Bitnami\wampstack-7.3.9-0\apache2\htdocs\yii-version\1.1.24\framework\web\filters\CFilterChain.php(131): CInlineFilter->filter()
#8 D:\Bitnami\wampstack-7.3.9-0\apache2\htdocs\yii-version\1.1.24\framework\web\CController.php(291): CFilterChain->run()
#9 D:\Bitnami\wampstack-7.3.9-0\apache2\htdocs\yii-version\1.1.24\framework\web\CController.php(265): HighcommController->runActionWithFilters()
#10 D:\Bitnami\wampstack-7.3.9-0\apache2\htdocs\yii-version\1.1.24\framework\web\CWebApplication.php(282): HighcommController->run()
#11 D:\Bitnami\wampstack-7.3.9-0\apache2\htdocs\yii-version\1.1.24\framework\web\CWebApplication.php(141): CWebApplication->runController()
#12 D:\Bitnami\wampstack-7.3.9-0\apache2\htdocs\yii-version\1.1.24\framework\base\CApplication.php(185): CWebApplication->processRequest()
#13 D:\Bitnami\wampstack-7.3.9-0\apache2\htdocs\demo\visaft\index.php(15): CWebApplication->run()
REQUEST_URI=/demo/visaft/index.php?r=Highcomm/Dashboard
in D:\Bitnami\wampstack-7.3.9-0\apache2\htdocs\demo\visaft\protected\models\Passportscan.php (710)
in D:\Bitnami\wampstack-7.3.9-0\apache2\htdocs\demo\visaft\protected\controllers\HighcommController.php (57)
in D:\Bitnami\wampstack-7.3.9-0\apache2\htdocs\demo\visaft\index.php (15)
2022/07/13 21:08:14 [error] [php] Division by zero (D:\Bitnami\wampstack-7.3.9-0\apache2\htdocs\demo\visaft\protected\models\Passportscan.php:710)
Stack trace:
#0 D:\Bitnami\wampstack-7.3.9-0\apache2\htdocs\demo\visaft\protected\controllers\OscController.php(57): statTrackingByOsc()
#1 D:\Bitnami\wampstack-7.3.9-0\apache2\htdocs\yii-version\1.1.24\framework\web\actions\CInlineAction.php(49): OscController->actionDashboard()
#2 D:\Bitnami\wampstack-7.3.9-0\apache2\htdocs\yii-version\1.1.24\framework\web\CController.php(308): CInlineAction->runWithParams()
#3 D:\Bitnami\wampstack-7.3.9-0\apache2\htdocs\yii-version\1.1.24\framework\web\filters\CFilterChain.php(134): OscController->runAction()
#4 D:\Bitnami\wampstack-7.3.9-0\apache2\htdocs\yii-version\1.1.24\framework\web\filters\CFilter.php(40): CFilterChain->run()
#5 D:\Bitnami\wampstack-7.3.9-0\apache2\htdocs\yii-version\1.1.24\framework\web\CController.php(1148): CAccessControlFilter->filter()
#6 D:\Bitnami\wampstack-7.3.9-0\apache2\htdocs\yii-version\1.1.24\framework\web\filters\CInlineFilter.php(58): OscController->filterAccessControl()
#7 D:\Bitnami\wampstack-7.3.9-0\apache2\htdocs\yii-version\1.1.24\framework\web\filters\CFilterChain.php(131): CInlineFilter->filter()
#8 D:\Bitnami\wampstack-7.3.9-0\apache2\htdocs\yii-version\1.1.24\framework\web\CController.php(291): CFilterChain->run()
#9 D:\Bitnami\wampstack-7.3.9-0\apache2\htdocs\yii-version\1.1.24\framework\web\CController.php(265): OscController->runActionWithFilters()
#10 D:\Bitnami\wampstack-7.3.9-0\apache2\htdocs\yii-version\1.1.24\framework\web\CWebApplication.php(282): OscController->run()
#11 D:\Bitnami\wampstack-7.3.9-0\apache2\htdocs\yii-version\1.1.24\framework\web\CWebApplication.php(141): CWebApplication->runController()
#12 D:\Bitnami\wampstack-7.3.9-0\apache2\htdocs\yii-version\1.1.24\framework\base\CApplication.php(185): CWebApplication->processRequest()
#13 D:\Bitnami\wampstack-7.3.9-0\apache2\htdocs\demo\visaft\index.php(15): CWebApplication->run()
REQUEST_URI=/demo/visaft/index.php?r=Osc/Dashboard
in D:\Bitnami\wampstack-7.3.9-0\apache2\htdocs\demo\visaft\protected\models\Passportscan.php (710)
in D:\Bitnami\wampstack-7.3.9-0\apache2\htdocs\demo\visaft\protected\controllers\OscController.php (57)
in D:\Bitnami\wampstack-7.3.9-0\apache2\htdocs\demo\visaft\index.php (15)
2023/04/06 08:14:36 [error] [exception.CHttpException.404] CHttpException: The system is unable to find the requested action "Login2". in D:\Bitnami\wampstack-7.3.9-0\apache2\htdocs\yii-version\1.1.24\framework\web\CController.php:486
Stack trace:
#0 D:\Bitnami\wampstack-7.3.9-0\apache2\htdocs\yii-version\1.1.24\framework\web\CController.php(270): CController->missingAction('Login2')
#1 D:\Bitnami\wampstack-7.3.9-0\apache2\htdocs\yii-version\1.1.24\framework\web\CWebApplication.php(282): CController->run('Login2')
#2 D:\Bitnami\wampstack-7.3.9-0\apache2\htdocs\yii-version\1.1.24\framework\web\CWebApplication.php(141): CWebApplication->runController('Site/Login2')
#3 D:\Bitnami\wampstack-7.3.9-0\apache2\htdocs\yii-version\1.1.24\framework\base\CApplication.php(185): CWebApplication->processRequest()
#4 D:\Bitnami\wampstack-7.3.9-0\apache2\htdocs\fresh\visa\index.php(15): CApplication->run()
#5 {main}
REQUEST_URI=/fresh/visa/index.php?r=Site/Login2
---
2023/04/06 09:34:13 [error] [exception.CDbException] CDbException: CDbConnection failed to open the DB connection: SQLSTATE[HY000] [1049] Unknown database 'fresh_visa_db' in D:\Bitnami\wampstack-7.3.9-0\apache2\htdocs\yii-version\1.1.24\framework\db\CDbConnection.php:399
Stack trace:
#0 D:\Bitnami\wampstack-7.3.9-0\apache2\htdocs\yii-version\1.1.24\framework\db\CDbConnection.php(347): CDbConnection->open()
#1 D:\Bitnami\wampstack-7.3.9-0\apache2\htdocs\yii-version\1.1.24\framework\db\CDbConnection.php(325): CDbConnection->setActive(true)
#2 D:\Bitnami\wampstack-7.3.9-0\apache2\htdocs\yii-version\1.1.24\framework\base\CModule.php(394): CDbConnection->init()
#3 D:\Bitnami\wampstack-7.3.9-0\apache2\htdocs\yii-version\1.1.24\framework\base\CApplication.php(459): CModule->getComponent('db')
#4 D:\Bitnami\wampstack-7.3.9-0\apache2\htdocs\yii-version\1.1.24\framework\db\ar\CActiveRecord.php(639): CApplication->getDb()
#5 D:\Bitnami\wampstack-7.3.9-0\apache2\htdocs\yii-version\1.1.24\framework\db\ar\CActiveRecord.php(1436): CActiveRecord->getDbConnection()
#6 D:\Bitnami\wampstack-7.3.9-0\apache2\htdocs\yii-version\1.1.24\framework\db\ar\CActiveRecord.php(1492): CActiveRecord->getTableAlias(true)
#7 D:\Bitnami\wampstack-7.3.9-0\apache2\htdocs\fresh\visa\protected\controllers\AdminController.php(48): CActiveRecord->findByPk('4')
#8 D:\Bitnami\wampstack-7.3.9-0\apache2\htdocs\yii-version\1.1.24\framework\web\actions\CInlineAction.php(49): AdminController->actionDashboard()
#9 D:\Bitnami\wampstack-7.3.9-0\apache2\htdocs\yii-version\1.1.24\framework\web\CController.php(308): CInlineAction->runWithParams(Array)
#10 D:\Bitnami\wampstack-7.3.9-0\apache2\htdocs\yii-version\1.1.24\framework\web\filters\CFilterChain.php(134): CController->runAction(Object(CInlineAction))
#11 D:\Bitnami\wampstack-7.3.9-0\apache2\htdocs\yii-version\1.1.24\framework\web\filters\CFilter.php(40): CFilterChain->run()
#12 D:\Bitnami\wampstack-7.3.9-0\apache2\htdocs\yii-version\1.1.24\framework\web\CController.php(1148): CFilter->filter(Object(CFilterChain))
#13 D:\Bitnami\wampstack-7.3.9-0\apache2\htdocs\yii-version\1.1.24\framework\web\filters\CInlineFilter.php(58): CController->filterAccessControl(Object(CFilterChain))
#14 D:\Bitnami\wampstack-7.3.9-0\apache2\htdocs\yii-version\1.1.24\framework\web\filters\CFilterChain.php(131): CInlineFilter->filter(Object(CFilterChain))
#15 D:\Bitnami\wampstack-7.3.9-0\apache2\htdocs\yii-version\1.1.24\framework\web\CController.php(291): CFilterChain->run()
#16 D:\Bitnami\wampstack-7.3.9-0\apache2\htdocs\yii-version\1.1.24\framework\web\CController.php(265): CController->runActionWithFilters(Object(CInlineAction), Array)
#17 D:\Bitnami\wampstack-7.3.9-0\apache2\htdocs\yii-version\1.1.24\framework\web\CWebApplication.php(282): CController->run('Dashboard')
#18 D:\Bitnami\wampstack-7.3.9-0\apache2\htdocs\yii-version\1.1.24\framework\web\CWebApplication.php(141): CWebApplication->runController('Admin/Dashboard')
#19 D:\Bitnami\wampstack-7.3.9-0\apache2\htdocs\yii-version\1.1.24\framework\base\CApplication.php(185): CWebApplication->processRequest()
#20 D:\Bitnami\wampstack-7.3.9-0\apache2\htdocs\fresh\visa\index.php(15): CApplication->run()
#21 {main}
REQUEST_URI=/fresh/visa/index.php?r=Admin/Dashboard
---
2023/04/06 09:34:43 [error] [exception.CDbException] CDbException: CDbConnection failed to open the DB connection: SQLSTATE[HY000] [1049] Unknown database 'fresh_visa_db' in D:\Bitnami\wampstack-7.3.9-0\apache2\htdocs\yii-version\1.1.24\framework\db\CDbConnection.php:399
Stack trace:
#0 D:\Bitnami\wampstack-7.3.9-0\apache2\htdocs\yii-version\1.1.24\framework\db\CDbConnection.php(347): CDbConnection->open()
#1 D:\Bitnami\wampstack-7.3.9-0\apache2\htdocs\yii-version\1.1.24\framework\db\CDbConnection.php(325): CDbConnection->setActive(true)
#2 D:\Bitnami\wampstack-7.3.9-0\apache2\htdocs\yii-version\1.1.24\framework\base\CModule.php(394): CDbConnection->init()
#3 D:\Bitnami\wampstack-7.3.9-0\apache2\htdocs\yii-version\1.1.24\framework\base\CApplication.php(459): CModule->getComponent('db')
#4 D:\Bitnami\wampstack-7.3.9-0\apache2\htdocs\yii-version\1.1.24\framework\db\ar\CActiveRecord.php(639): CApplication->getDb()
#5 D:\Bitnami\wampstack-7.3.9-0\apache2\htdocs\yii-version\1.1.24\framework\db\ar\CActiveRecord.php(672): CActiveRecord->getDbConnection()
#6 D:\Bitnami\wampstack-7.3.9-0\apache2\htdocs\yii-version\1.1.24\framework\db\ar\CActiveRecord.php(1463): CActiveRecord->getCommandBuilder()
#7 D:\Bitnami\wampstack-7.3.9-0\apache2\htdocs\fresh\visa\protected\components\UserIdentity.php(19): CActiveRecord->find('UPPER(username)...', Array)
#8 D:\Bitnami\wampstack-7.3.9-0\apache2\htdocs\fresh\visa\protected\models\LoginForm.php(51): UserIdentity->authenticate()
#9 D:\Bitnami\wampstack-7.3.9-0\apache2\htdocs\yii-version\1.1.24\framework\validators\CInlineValidator.php(42): LoginForm->authenticate('password', Array)
#10 D:\Bitnami\wampstack-7.3.9-0\apache2\htdocs\yii-version\1.1.24\framework\validators\CValidator.php(201): CInlineValidator->validateAttribute(Object(LoginForm), 'password')
#11 D:\Bitnami\wampstack-7.3.9-0\apache2\htdocs\yii-version\1.1.24\framework\base\CModel.php(159): CValidator->validate(Object(LoginForm), Array)
#12 D:\Bitnami\wampstack-7.3.9-0\apache2\htdocs\fresh\visa\protected\controllers\SiteController.php(55): CModel->validate()
#13 D:\Bitnami\wampstack-7.3.9-0\apache2\htdocs\yii-version\1.1.24\framework\web\actions\CInlineAction.php(49): SiteController->actionLogin()
#14 D:\Bitnami\wampstack-7.3.9-0\apache2\htdocs\yii-version\1.1.24\framework\web\CController.php(308): CInlineAction->runWithParams(Array)
#15 D:\Bitnami\wampstack-7.3.9-0\apache2\htdocs\yii-version\1.1.24\framework\web\CController.php(286): CController->runAction(Object(CInlineAction))
#16 D:\Bitnami\wampstack-7.3.9-0\apache2\htdocs\yii-version\1.1.24\framework\web\CController.php(265): CController->runActionWithFilters(Object(CInlineAction), Array)
#17 D:\Bitnami\wampstack-7.3.9-0\apache2\htdocs\yii-version\1.1.24\framework\web\CWebApplication.php(282): CController->run('Login')
#18 D:\Bitnami\wampstack-7.3.9-0\apache2\htdocs\yii-version\1.1.24\framework\web\CWebApplication.php(141): CWebApplication->runController('Site/Login')
#19 D:\Bitnami\wampstack-7.3.9-0\apache2\htdocs\yii-version\1.1.24\framework\base\CApplication.php(185): CWebApplication->processRequest()
#20 D:\Bitnami\wampstack-7.3.9-0\apache2\htdocs\fresh\visa\index.php(15): CApplication->run()
#21 {main}
REQUEST_URI=/fresh/visa/index.php?r=Site/Login
HTTP_REFERER=http://localhost:81/fresh/visa/index.php?r=Site/Login
---
